<?xml version="1.0" encoding="UTF-8"?>
<robot generator="Robot 6.1.1 (Python 3.12.3 on win32)" generated="20240531 17:34:53.304" rpa="false" schemaversion="4">
<suite id="s1" name="Calculator Tests" source="d:\sw-dev\python\robot-test\src\robot_test\calculator_tests.robot">
<kw name="Start Application" library="Application" type="SETUP">
<arg>start_parameter</arg>
<doc>Start application under test</doc>
<msg timestamp="20240531 17:34:53.502" level="INFO">Start Application with start_parameter</msg>
<msg timestamp="20240531 17:34:53.504" level="INFO">Sending keys '{Win}r' to element: &lt;module 'uiautomation' from 'd:\\sw-dev\\python\\robot-test\\env\\Lib\\site-packages\\uiautomation\\__init__.py'&gt;</msg>
<msg timestamp="20240531 17:34:54.048" level="INFO">Sending keys 'Calc.exe' to element: &lt;module 'uiautomation' from 'd:\\sw-dev\\python\\robot-test\\env\\Lib\\site-packages\\uiautomation\\__init__.py'&gt;</msg>
<msg timestamp="20240531 17:34:54.635" level="INFO">Sending keys '{Enter}' to element: &lt;module 'uiautomation' from 'd:\\sw-dev\\python\\robot-test\\env\\Lib\\site-packages\\uiautomation\\__init__.py'&gt;</msg>
<msg timestamp="20240531 17:34:58.284" level="INFO">Getting element with locator: name:Calculator and type:WindowControl</msg>
<msg timestamp="20240531 17:34:58.284" level="INFO">Resulted root element: WindowsElement(item=&lt;uiautomation.uiautomation.PaneControl object at 0x000001E12428C0B0&gt;, locator='name:Calculator and type:WindowControl', name='Desktop 1', automation_id='', control_type='PaneControl', class_name='#32769', left=0, right=3840, top=0, bottom=2160, width=3840, height=2160, xcenter=1920, ycenter=1080)</msg>
<msg timestamp="20240531 17:34:58.284" level="INFO">Locator 'name:Calculator and type:WindowControl' produced matcher: MatchObject(locators=[('Name', 'Calculator', 0), ('ControlType', 'WindowControl', 0)], _classes=set(), max_level=0)</msg>
<msg timestamp="20240531 17:34:58.404" level="INFO">Returning element: WindowsElement(item=&lt;uiautomation.uiautomation.WindowControl object at 0x000001E12428C200&gt;, locator='name:Calculator and type:WindowControl', name='Calculator', automation_id='', control_type='WindowControl', class_name='ApplicationFrameWindow', left=2275, right=3028, top=190, bottom=1404, width=753, height=1214, xcenter=2651, ycenter=797)</msg>
<status status="PASS" starttime="20240531 17:34:53.502" endtime="20240531 17:34:58.906"/>
</kw>
<test id="s1-t1" name="Test Division" line="44">
<kw name="Init Application" library="Application" type="SETUP">
<doc>Init application under test</doc>
<msg timestamp="20240531 17:34:58.908" level="INFO">Init Application</msg>
<msg timestamp="20240531 17:34:58.908" level="INFO">Getting element with locator: id:clearButton type:button</msg>
<msg timestamp="20240531 17:34:58.909" level="INFO">Resulted root element: WindowsElement(item=&lt;uiautomation.uiautomation.WindowControl object at 0x000001E12428C200&gt;, locator='name:Calculator and type:WindowControl', name='Calculator', automation_id='', control_type='WindowControl', class_name='ApplicationFrameWindow', left=2275, right=3028, top=190, bottom=1404, width=753, height=1214, xcenter=2651, ycenter=797)</msg>
<msg timestamp="20240531 17:34:58.909" level="INFO">Locator 'id:clearButton type:button' produced matcher: MatchObject(locators=[('AutomationId', 'clearButton', 0), ('ControlType', 'buttonControl', 0)], _classes=set(), max_level=0)</msg>
<msg timestamp="20240531 17:34:59.043" level="INFO">Returning element: WindowsElement(item=&lt;uiautomation.uiautomation.ButtonControl object at 0x000001E124183DD0&gt;, locator='id:clearButton type:button', name='Clear', automation_id='clearButton', control_type='ButtonControl', class_name='Button', left=2654, right=2832, top=627, bottom=750, width=178, height=123, xcenter=2743, ycenter=688)</msg>
<status status="PASS" starttime="20240531 17:34:58.908" endtime="20240531 17:34:59.611"/>
</kw>
<kw name="Test Division" library="Test">
<doc>Division Test</doc>
<msg timestamp="20240531 17:34:59.612" level="INFO">Test(1, 2)</msg>
<msg timestamp="20240531 17:34:59.612" level="INFO">Getting element with locator: id:num1Button type:button</msg>
<msg timestamp="20240531 17:34:59.612" level="INFO">Resulted root element: WindowsElement(item=&lt;uiautomation.uiautomation.WindowControl object at 0x000001E12428C200&gt;, locator='name:Calculator and type:WindowControl', name='Calculator', automation_id='', control_type='WindowControl', class_name='ApplicationFrameWindow', left=2275, right=3028, top=190, bottom=1404, width=753, height=1214, xcenter=2651, ycenter=797)</msg>
<msg timestamp="20240531 17:34:59.612" level="INFO">Locator 'id:num1Button type:button' produced matcher: MatchObject(locators=[('AutomationId', 'num1Button', 0), ('ControlType', 'buttonControl', 0)], _classes=set(), max_level=0)</msg>
<msg timestamp="20240531 17:34:59.744" level="INFO">Returning element: WindowsElement(item=&lt;uiautomation.uiautomation.ButtonControl object at 0x000001E124935970&gt;, locator='id:num1Button type:button', name='One', automation_id='num1Button', control_type='ButtonControl', class_name='Button', left=2293, right=2471, top=1136, bottom=1261, width=178, height=125, xcenter=2382, ycenter=1198)</msg>
<msg timestamp="20240531 17:35:00.309" level="INFO">Getting element with locator: id:divideButton type:button</msg>
<msg timestamp="20240531 17:35:00.310" level="INFO">Resulted root element: WindowsElement(item=&lt;uiautomation.uiautomation.WindowControl object at 0x000001E12428C200&gt;, locator='name:Calculator and type:WindowControl', name='Calculator', automation_id='', control_type='WindowControl', class_name='ApplicationFrameWindow', left=2275, right=3028, top=190, bottom=1404, width=753, height=1214, xcenter=2651, ycenter=797)</msg>
<msg timestamp="20240531 17:35:00.310" level="INFO">Locator 'id:divideButton type:button' produced matcher: MatchObject(locators=[('AutomationId', 'divideButton', 0), ('ControlType', 'buttonControl', 0)], _classes=set(), max_level=0)</msg>
<msg timestamp="20240531 17:35:00.431" level="INFO">Returning element: WindowsElement(item=&lt;uiautomation.uiautomation.ButtonControl object at 0x000001E1249353D0&gt;, locator='id:divideButton type:button', name='Divide by', automation_id='divideButton', control_type='ButtonControl', class_name='Button', left=2835, right=3012, top=754, bottom=878, width=177, height=124, xcenter=2923, ycenter=816)</msg>
<msg timestamp="20240531 17:35:00.991" level="INFO">Getting element with locator: id:num2Button type:button</msg>
<msg timestamp="20240531 17:35:00.991" level="INFO">Resulted root element: WindowsElement(item=&lt;uiautomation.uiautomation.WindowControl object at 0x000001E12428C200&gt;, locator='name:Calculator and type:WindowControl', name='Calculator', automation_id='', control_type='WindowControl', class_name='ApplicationFrameWindow', left=2275, right=3028, top=190, bottom=1404, width=753, height=1214, xcenter=2651, ycenter=797)</msg>
<msg timestamp="20240531 17:35:00.991" level="INFO">Locator 'id:num2Button type:button' produced matcher: MatchObject(locators=[('AutomationId', 'num2Button', 0), ('ControlType', 'buttonControl', 0)], _classes=set(), max_level=0)</msg>
<msg timestamp="20240531 17:35:01.124" level="INFO">Returning element: WindowsElement(item=&lt;uiautomation.uiautomation.ButtonControl object at 0x000001E124935AC0&gt;, locator='id:num2Button type:button', name='Two', automation_id='num2Button', control_type='ButtonControl', class_name='Button', left=2473, right=2651, top=1136, bottom=1261, width=178, height=125, xcenter=2562, ycenter=1198)</msg>
<msg timestamp="20240531 17:35:01.677" level="INFO">Getting element with locator: id:equalButton type:button</msg>
<msg timestamp="20240531 17:35:01.678" level="INFO">Resulted root element: WindowsElement(item=&lt;uiautomation.uiautomation.WindowControl object at 0x000001E12428C200&gt;, locator='name:Calculator and type:WindowControl', name='Calculator', automation_id='', control_type='WindowControl', class_name='ApplicationFrameWindow', left=2275, right=3028, top=190, bottom=1404, width=753, height=1214, xcenter=2651, ycenter=797)</msg>
<msg timestamp="20240531 17:35:01.678" level="INFO">Locator 'id:equalButton type:button' produced matcher: MatchObject(locators=[('AutomationId', 'equalButton', 0), ('ControlType', 'buttonControl', 0)], _classes=set(), max_level=0)</msg>
<msg timestamp="20240531 17:35:01.805" level="INFO">Returning element: WindowsElement(item=&lt;uiautomation.uiautomation.ButtonControl object at 0x000001E124935B80&gt;, locator='id:equalButton type:button', name='Equals', automation_id='equalButton', control_type='ButtonControl', class_name='Button', left=2835, right=3012, top=1264, bottom=1388, width=177, height=124, xcenter=2923, ycenter=1326)</msg>
<msg timestamp="20240531 17:35:02.358" level="INFO">Getting element with locator: id:CalculatorResults</msg>
<msg timestamp="20240531 17:35:02.358" level="INFO">Resulted root element: WindowsElement(item=&lt;uiautomation.uiautomation.WindowControl object at 0x000001E12428C200&gt;, locator='name:Calculator and type:WindowControl', name='Calculator', automation_id='', control_type='WindowControl', class_name='ApplicationFrameWindow', left=2275, right=3028, top=190, bottom=1404, width=753, height=1214, xcenter=2651, ycenter=797)</msg>
<msg timestamp="20240531 17:35:02.358" level="INFO">Locator 'id:CalculatorResults' produced matcher: MatchObject(locators=[('AutomationId', 'CalculatorResults', 0)], _classes=set(), max_level=0)</msg>
<msg timestamp="20240531 17:35:02.370" level="INFO">Returning element: WindowsElement(item=&lt;uiautomation.uiautomation.TextControl object at 0x000001E124935B50&gt;, locator='id:CalculatorResults', name='Display is 0,5', automation_id='CalculatorResults', control_type='TextControl', class_name='', left=2286, right=3017, top=366, bottom=545, width=731, height=179, xcenter=2651, ycenter=455)</msg>
<msg timestamp="20240531 17:35:02.370" level="INFO">Result Display: "Display is 0,5"</msg>
<msg timestamp="20240531 17:35:02.371" level="INFO">Test(10, 2)</msg>
<msg timestamp="20240531 17:35:02.371" level="INFO">Getting element with locator: id:num1Button type:button</msg>
<msg timestamp="20240531 17:35:02.371" level="INFO">Resulted root element: WindowsElement(item=&lt;uiautomation.uiautomation.WindowControl object at 0x000001E12428C200&gt;, locator='name:Calculator and type:WindowControl', name='Calculator', automation_id='', control_type='WindowControl', class_name='ApplicationFrameWindow', left=2275, right=3028, top=190, bottom=1404, width=753, height=1214, xcenter=2651, ycenter=797)</msg>
<msg timestamp="20240531 17:35:02.371" level="INFO">Locator 'id:num1Button type:button' produced matcher: MatchObject(locators=[('AutomationId', 'num1Button', 0), ('ControlType', 'buttonControl', 0)], _classes=set(), max_level=0)</msg>
<msg timestamp="20240531 17:35:02.498" level="INFO">Returning element: WindowsElement(item=&lt;uiautomation.uiautomation.ButtonControl object at 0x000001E124935E50&gt;, locator='id:num1Button type:button', name='One', automation_id='num1Button', control_type='ButtonControl', class_name='Button', left=2293, right=2471, top=1136, bottom=1261, width=178, height=125, xcenter=2382, ycenter=1198)</msg>
<msg timestamp="20240531 17:35:03.051" level="INFO">Getting element with locator: id:num0Button type:button</msg>
<msg timestamp="20240531 17:35:03.051" level="INFO">Resulted root element: WindowsElement(item=&lt;uiautomation.uiautomation.WindowControl object at 0x000001E12428C200&gt;, locator='name:Calculator and type:WindowControl', name='Calculator', automation_id='', control_type='WindowControl', class_name='ApplicationFrameWindow', left=2275, right=3028, top=190, bottom=1404, width=753, height=1214, xcenter=2651, ycenter=797)</msg>
<msg timestamp="20240531 17:35:03.051" level="INFO">Locator 'id:num0Button type:button' produced matcher: MatchObject(locators=[('AutomationId', 'num0Button', 0), ('ControlType', 'buttonControl', 0)], _classes=set(), max_level=0)</msg>
<msg timestamp="20240531 17:35:03.179" level="INFO">Returning element: WindowsElement(item=&lt;uiautomation.uiautomation.ButtonControl object at 0x000001E124935F10&gt;, locator='id:num0Button type:button', name='Zero', automation_id='num0Button', control_type='ButtonControl', class_name='Button', left=2473, right=2651, top=1263, bottom=1387, width=178, height=124, xcenter=2562, ycenter=1325)</msg>
<msg timestamp="20240531 17:35:03.731" level="INFO">Getting element with locator: id:divideButton type:button</msg>
<msg timestamp="20240531 17:35:03.732" level="INFO">Resulted root element: WindowsElement(item=&lt;uiautomation.uiautomation.WindowControl object at 0x000001E12428C200&gt;, locator='name:Calculator and type:WindowControl', name='Calculator', automation_id='', control_type='WindowControl', class_name='ApplicationFrameWindow', left=2275, right=3028, top=190, bottom=1404, width=753, height=1214, xcenter=2651, ycenter=797)</msg>
<msg timestamp="20240531 17:35:03.732" level="INFO">Locator 'id:divideButton type:button' produced matcher: MatchObject(locators=[('AutomationId', 'divideButton', 0), ('ControlType', 'buttonControl', 0)], _classes=set(), max_level=0)</msg>
<msg timestamp="20240531 17:35:03.854" level="INFO">Returning element: WindowsElement(item=&lt;uiautomation.uiautomation.ButtonControl object at 0x000001E124935F70&gt;, locator='id:divideButton type:button', name='Divide by', automation_id='divideButton', control_type='ButtonControl', class_name='Button', left=2835, right=3012, top=754, bottom=878, width=177, height=124, xcenter=2923, ycenter=816)</msg>
<msg timestamp="20240531 17:35:04.406" level="INFO">Getting element with locator: id:num2Button type:button</msg>
<msg timestamp="20240531 17:35:04.406" level="INFO">Resulted root element: WindowsElement(item=&lt;uiautomation.uiautomation.WindowControl object at 0x000001E12428C200&gt;, locator='name:Calculator and type:WindowControl', name='Calculator', automation_id='', control_type='WindowControl', class_name='ApplicationFrameWindow', left=2275, right=3028, top=190, bottom=1404, width=753, height=1214, xcenter=2651, ycenter=797)</msg>
<msg timestamp="20240531 17:35:04.406" level="INFO">Locator 'id:num2Button type:button' produced matcher: MatchObject(locators=[('AutomationId', 'num2Button', 0), ('ControlType', 'buttonControl', 0)], _classes=set(), max_level=0)</msg>
<msg timestamp="20240531 17:35:04.536" level="INFO">Returning element: WindowsElement(item=&lt;uiautomation.uiautomation.ButtonControl object at 0x000001E1249360C0&gt;, locator='id:num2Button type:button', name='Two', automation_id='num2Button', control_type='ButtonControl', class_name='Button', left=2473, right=2651, top=1136, bottom=1261, width=178, height=125, xcenter=2562, ycenter=1198)</msg>
<msg timestamp="20240531 17:35:05.089" level="INFO">Getting element with locator: id:equalButton type:button</msg>
<msg timestamp="20240531 17:35:05.090" level="INFO">Resulted root element: WindowsElement(item=&lt;uiautomation.uiautomation.WindowControl object at 0x000001E12428C200&gt;, locator='name:Calculator and type:WindowControl', name='Calculator', automation_id='', control_type='WindowControl', class_name='ApplicationFrameWindow', left=2275, right=3028, top=190, bottom=1404, width=753, height=1214, xcenter=2651, ycenter=797)</msg>
<msg timestamp="20240531 17:35:05.090" level="INFO">Locator 'id:equalButton type:button' produced matcher: MatchObject(locators=[('AutomationId', 'equalButton', 0), ('ControlType', 'buttonControl', 0)], _classes=set(), max_level=0)</msg>
<msg timestamp="20240531 17:35:05.217" level="INFO">Returning element: WindowsElement(item=&lt;uiautomation.uiautomation.ButtonControl object at 0x000001E124936180&gt;, locator='id:equalButton type:button', name='Equals', automation_id='equalButton', control_type='ButtonControl', class_name='Button', left=2835, right=3012, top=1264, bottom=1388, width=177, height=124, xcenter=2923, ycenter=1326)</msg>
<msg timestamp="20240531 17:35:05.775" level="INFO">Getting element with locator: id:CalculatorResults</msg>
<msg timestamp="20240531 17:35:05.776" level="INFO">Resulted root element: WindowsElement(item=&lt;uiautomation.uiautomation.WindowControl object at 0x000001E12428C200&gt;, locator='name:Calculator and type:WindowControl', name='Calculator', automation_id='', control_type='WindowControl', class_name='ApplicationFrameWindow', left=2275, right=3028, top=190, bottom=1404, width=753, height=1214, xcenter=2651, ycenter=797)</msg>
<msg timestamp="20240531 17:35:05.776" level="INFO">Locator 'id:CalculatorResults' produced matcher: MatchObject(locators=[('AutomationId', 'CalculatorResults', 0)], _classes=set(), max_level=0)</msg>
<msg timestamp="20240531 17:35:05.788" level="INFO">Returning element: WindowsElement(item=&lt;uiautomation.uiautomation.TextControl object at 0x000001E1249360F0&gt;, locator='id:CalculatorResults', name='Display is 5', automation_id='CalculatorResults', control_type='TextControl', class_name='', left=2286, right=3017, top=366, bottom=545, width=731, height=179, xcenter=2651, ycenter=455)</msg>
<msg timestamp="20240531 17:35:05.788" level="INFO">Result Display: "Display is 5"</msg>
<msg timestamp="20240531 17:35:05.788" level="INFO">Test(0, 2)</msg>
<msg timestamp="20240531 17:35:05.788" level="INFO">Getting element with locator: id:num0Button type:button</msg>
<msg timestamp="20240531 17:35:05.788" level="INFO">Resulted root element: WindowsElement(item=&lt;uiautomation.uiautomation.WindowControl object at 0x000001E12428C200&gt;, locator='name:Calculator and type:WindowControl', name='Calculator', automation_id='', control_type='WindowControl', class_name='ApplicationFrameWindow', left=2275, right=3028, top=190, bottom=1404, width=753, height=1214, xcenter=2651, ycenter=797)</msg>
<msg timestamp="20240531 17:35:05.788" level="INFO">Locator 'id:num0Button type:button' produced matcher: MatchObject(locators=[('AutomationId', 'num0Button', 0), ('ControlType', 'buttonControl', 0)], _classes=set(), max_level=0)</msg>
<msg timestamp="20240531 17:35:05.916" level="INFO">Returning element: WindowsElement(item=&lt;uiautomation.uiautomation.ButtonControl object at 0x000001E1249363F0&gt;, locator='id:num0Button type:button', name='Zero', automation_id='num0Button', control_type='ButtonControl', class_name='Button', left=2473, right=2651, top=1263, bottom=1387, width=178, height=124, xcenter=2562, ycenter=1325)</msg>
<msg timestamp="20240531 17:35:06.468" level="INFO">Getting element with locator: id:divideButton type:button</msg>
<msg timestamp="20240531 17:35:06.469" level="INFO">Resulted root element: WindowsElement(item=&lt;uiautomation.uiautomation.WindowControl object at 0x000001E12428C200&gt;, locator='name:Calculator and type:WindowControl', name='Calculator', automation_id='', control_type='WindowControl', class_name='ApplicationFrameWindow', left=2275, right=3028, top=190, bottom=1404, width=753, height=1214, xcenter=2651, ycenter=797)</msg>
<msg timestamp="20240531 17:35:06.469" level="INFO">Locator 'id:divideButton type:button' produced matcher: MatchObject(locators=[('AutomationId', 'divideButton', 0), ('ControlType', 'buttonControl', 0)], _classes=set(), max_level=0)</msg>
<msg timestamp="20240531 17:35:06.590" level="INFO">Returning element: WindowsElement(item=&lt;uiautomation.uiautomation.ButtonControl object at 0x000001E124936450&gt;, locator='id:divideButton type:button', name='Divide by', automation_id='divideButton', control_type='ButtonControl', class_name='Button', left=2835, right=3012, top=754, bottom=878, width=177, height=124, xcenter=2923, ycenter=816)</msg>
<msg timestamp="20240531 17:35:07.158" level="INFO">Getting element with locator: id:num2Button type:button</msg>
<msg timestamp="20240531 17:35:07.158" level="INFO">Resulted root element: WindowsElement(item=&lt;uiautomation.uiautomation.WindowControl object at 0x000001E12428C200&gt;, locator='name:Calculator and type:WindowControl', name='Calculator', automation_id='', control_type='WindowControl', class_name='ApplicationFrameWindow', left=2275, right=3028, top=190, bottom=1404, width=753, height=1214, xcenter=2651, ycenter=797)</msg>
<msg timestamp="20240531 17:35:07.158" level="INFO">Locator 'id:num2Button type:button' produced matcher: MatchObject(locators=[('AutomationId', 'num2Button', 0), ('ControlType', 'buttonControl', 0)], _classes=set(), max_level=0)</msg>
<msg timestamp="20240531 17:35:07.289" level="INFO">Returning element: WindowsElement(item=&lt;uiautomation.uiautomation.ButtonControl object at 0x000001E1249365A0&gt;, locator='id:num2Button type:button', name='Two', automation_id='num2Button', control_type='ButtonControl', class_name='Button', left=2473, right=2651, top=1136, bottom=1261, width=178, height=125, xcenter=2562, ycenter=1198)</msg>
<msg timestamp="20240531 17:35:07.842" level="INFO">Getting element with locator: id:equalButton type:button</msg>
<msg timestamp="20240531 17:35:07.842" level="INFO">Resulted root element: WindowsElement(item=&lt;uiautomation.uiautomation.WindowControl object at 0x000001E12428C200&gt;, locator='name:Calculator and type:WindowControl', name='Calculator', automation_id='', control_type='WindowControl', class_name='ApplicationFrameWindow', left=2275, right=3028, top=190, bottom=1404, width=753, height=1214, xcenter=2651, ycenter=797)</msg>
<msg timestamp="20240531 17:35:07.843" level="INFO">Locator 'id:equalButton type:button' produced matcher: MatchObject(locators=[('AutomationId', 'equalButton', 0), ('ControlType', 'buttonControl', 0)], _classes=set(), max_level=0)</msg>
<msg timestamp="20240531 17:35:07.969" level="INFO">Returning element: WindowsElement(item=&lt;uiautomation.uiautomation.ButtonControl object at 0x000001E124936690&gt;, locator='id:equalButton type:button', name='Equals', automation_id='equalButton', control_type='ButtonControl', class_name='Button', left=2835, right=3012, top=1264, bottom=1388, width=177, height=124, xcenter=2923, ycenter=1326)</msg>
<msg timestamp="20240531 17:35:08.521" level="INFO">Getting element with locator: id:CalculatorResults</msg>
<msg timestamp="20240531 17:35:08.521" level="INFO">Resulted root element: WindowsElement(item=&lt;uiautomation.uiautomation.WindowControl object at 0x000001E12428C200&gt;, locator='name:Calculator and type:WindowControl', name='Calculator', automation_id='', control_type='WindowControl', class_name='ApplicationFrameWindow', left=2275, right=3028, top=190, bottom=1404, width=753, height=1214, xcenter=2651, ycenter=797)</msg>
<msg timestamp="20240531 17:35:08.521" level="INFO">Locator 'id:CalculatorResults' produced matcher: MatchObject(locators=[('AutomationId', 'CalculatorResults', 0)], _classes=set(), max_level=0)</msg>
<msg timestamp="20240531 17:35:08.533" level="INFO">Returning element: WindowsElement(item=&lt;uiautomation.uiautomation.TextControl object at 0x000001E1249365D0&gt;, locator='id:CalculatorResults', name='Display is 0', automation_id='CalculatorResults', control_type='TextControl', class_name='', left=2286, right=3017, top=366, bottom=545, width=731, height=179, xcenter=2651, ycenter=455)</msg>
<msg timestamp="20240531 17:35:08.534" level="INFO">Result Display: "Display is 0"</msg>
<msg timestamp="20240531 17:35:08.534" level="INFO">Test(102, 2)</msg>
<msg timestamp="20240531 17:35:08.534" level="INFO">Getting element with locator: id:num1Button type:button</msg>
<msg timestamp="20240531 17:35:08.534" level="INFO">Resulted root element: WindowsElement(item=&lt;uiautomation.uiautomation.WindowControl object at 0x000001E12428C200&gt;, locator='name:Calculator and type:WindowControl', name='Calculator', automation_id='', control_type='WindowControl', class_name='ApplicationFrameWindow', left=2275, right=3028, top=190, bottom=1404, width=753, height=1214, xcenter=2651, ycenter=797)</msg>
<msg timestamp="20240531 17:35:08.534" level="INFO">Locator 'id:num1Button type:button' produced matcher: MatchObject(locators=[('AutomationId', 'num1Button', 0), ('ControlType', 'buttonControl', 0)], _classes=set(), max_level=0)</msg>
<msg timestamp="20240531 17:35:08.662" level="INFO">Returning element: WindowsElement(item=&lt;uiautomation.uiautomation.ButtonControl object at 0x000001E124936900&gt;, locator='id:num1Button type:button', name='One', automation_id='num1Button', control_type='ButtonControl', class_name='Button', left=2293, right=2471, top=1136, bottom=1261, width=178, height=125, xcenter=2382, ycenter=1198)</msg>
<msg timestamp="20240531 17:35:09.215" level="INFO">Getting element with locator: id:num0Button type:button</msg>
<msg timestamp="20240531 17:35:09.216" level="INFO">Resulted root element: WindowsElement(item=&lt;uiautomation.uiautomation.WindowControl object at 0x000001E12428C200&gt;, locator='name:Calculator and type:WindowControl', name='Calculator', automation_id='', control_type='WindowControl', class_name='ApplicationFrameWindow', left=2275, right=3028, top=190, bottom=1404, width=753, height=1214, xcenter=2651, ycenter=797)</msg>
<msg timestamp="20240531 17:35:09.216" level="INFO">Locator 'id:num0Button type:button' produced matcher: MatchObject(locators=[('AutomationId', 'num0Button', 0), ('ControlType', 'buttonControl', 0)], _classes=set(), max_level=0)</msg>
<msg timestamp="20240531 17:35:09.344" level="INFO">Returning element: WindowsElement(item=&lt;uiautomation.uiautomation.ButtonControl object at 0x000001E1249369C0&gt;, locator='id:num0Button type:button', name='Zero', automation_id='num0Button', control_type='ButtonControl', class_name='Button', left=2473, right=2651, top=1263, bottom=1387, width=178, height=124, xcenter=2562, ycenter=1325)</msg>
<msg timestamp="20240531 17:35:09.896" level="INFO">Getting element with locator: id:num2Button type:button</msg>
<msg timestamp="20240531 17:35:09.897" level="INFO">Resulted root element: WindowsElement(item=&lt;uiautomation.uiautomation.WindowControl object at 0x000001E12428C200&gt;, locator='name:Calculator and type:WindowControl', name='Calculator', automation_id='', control_type='WindowControl', class_name='ApplicationFrameWindow', left=2275, right=3028, top=190, bottom=1404, width=753, height=1214, xcenter=2651, ycenter=797)</msg>
<msg timestamp="20240531 17:35:09.897" level="INFO">Locator 'id:num2Button type:button' produced matcher: MatchObject(locators=[('AutomationId', 'num2Button', 0), ('ControlType', 'buttonControl', 0)], _classes=set(), max_level=0)</msg>
<msg timestamp="20240531 17:35:10.026" level="INFO">Returning element: WindowsElement(item=&lt;uiautomation.uiautomation.ButtonControl object at 0x000001E124936A80&gt;, locator='id:num2Button type:button', name='Two', automation_id='num2Button', control_type='ButtonControl', class_name='Button', left=2473, right=2651, top=1136, bottom=1261, width=178, height=125, xcenter=2562, ycenter=1198)</msg>
<msg timestamp="20240531 17:35:10.578" level="INFO">Getting element with locator: id:divideButton type:button</msg>
<msg timestamp="20240531 17:35:10.578" level="INFO">Resulted root element: WindowsElement(item=&lt;uiautomation.uiautomation.WindowControl object at 0x000001E12428C200&gt;, locator='name:Calculator and type:WindowControl', name='Calculator', automation_id='', control_type='WindowControl', class_name='ApplicationFrameWindow', left=2275, right=3028, top=190, bottom=1404, width=753, height=1214, xcenter=2651, ycenter=797)</msg>
<msg timestamp="20240531 17:35:10.578" level="INFO">Locator 'id:divideButton type:button' produced matcher: MatchObject(locators=[('AutomationId', 'divideButton', 0), ('ControlType', 'buttonControl', 0)], _classes=set(), max_level=0)</msg>
<msg timestamp="20240531 17:35:10.699" level="INFO">Returning element: WindowsElement(item=&lt;uiautomation.uiautomation.ButtonControl object at 0x000001E124936B40&gt;, locator='id:divideButton type:button', name='Divide by', automation_id='divideButton', control_type='ButtonControl', class_name='Button', left=2835, right=3012, top=754, bottom=878, width=177, height=124, xcenter=2923, ycenter=816)</msg>
<msg timestamp="20240531 17:35:11.252" level="INFO">Getting element with locator: id:num2Button type:button</msg>
<msg timestamp="20240531 17:35:11.253" level="INFO">Resulted root element: WindowsElement(item=&lt;uiautomation.uiautomation.WindowControl object at 0x000001E12428C200&gt;, locator='name:Calculator and type:WindowControl', name='Calculator', automation_id='', control_type='WindowControl', class_name='ApplicationFrameWindow', left=2275, right=3028, top=190, bottom=1404, width=753, height=1214, xcenter=2651, ycenter=797)</msg>
<msg timestamp="20240531 17:35:11.253" level="INFO">Locator 'id:num2Button type:button' produced matcher: MatchObject(locators=[('AutomationId', 'num2Button', 0), ('ControlType', 'buttonControl', 0)], _classes=set(), max_level=0)</msg>
<msg timestamp="20240531 17:35:11.382" level="INFO">Returning element: WindowsElement(item=&lt;uiautomation.uiautomation.ButtonControl object at 0x000001E124936C90&gt;, locator='id:num2Button type:button', name='Two', automation_id='num2Button', control_type='ButtonControl', class_name='Button', left=2473, right=2651, top=1136, bottom=1261, width=178, height=125, xcenter=2562, ycenter=1198)</msg>
<msg timestamp="20240531 17:35:11.934" level="INFO">Getting element with locator: id:equalButton type:button</msg>
<msg timestamp="20240531 17:35:11.935" level="INFO">Resulted root element: WindowsElement(item=&lt;uiautomation.uiautomation.WindowControl object at 0x000001E12428C200&gt;, locator='name:Calculator and type:WindowControl', name='Calculator', automation_id='', control_type='WindowControl', class_name='ApplicationFrameWindow', left=2275, right=3028, top=190, bottom=1404, width=753, height=1214, xcenter=2651, ycenter=797)</msg>
<msg timestamp="20240531 17:35:11.935" level="INFO">Locator 'id:equalButton type:button' produced matcher: MatchObject(locators=[('AutomationId', 'equalButton', 0), ('ControlType', 'buttonControl', 0)], _classes=set(), max_level=0)</msg>
<msg timestamp="20240531 17:35:12.063" level="INFO">Returning element: WindowsElement(item=&lt;uiautomation.uiautomation.ButtonControl object at 0x000001E124936DB0&gt;, locator='id:equalButton type:button', name='Equals', automation_id='equalButton', control_type='ButtonControl', class_name='Button', left=2835, right=3012, top=1264, bottom=1388, width=177, height=124, xcenter=2923, ycenter=1326)</msg>
<msg timestamp="20240531 17:35:12.626" level="INFO">Getting element with locator: id:CalculatorResults</msg>
<msg timestamp="20240531 17:35:12.626" level="INFO">Resulted root element: WindowsElement(item=&lt;uiautomation.uiautomation.WindowControl object at 0x000001E12428C200&gt;, locator='name:Calculator and type:WindowControl', name='Calculator', automation_id='', control_type='WindowControl', class_name='ApplicationFrameWindow', left=2275, right=3028, top=190, bottom=1404, width=753, height=1214, xcenter=2651, ycenter=797)</msg>
<msg timestamp="20240531 17:35:12.626" level="INFO">Locator 'id:CalculatorResults' produced matcher: MatchObject(locators=[('AutomationId', 'CalculatorResults', 0)], _classes=set(), max_level=0)</msg>
<msg timestamp="20240531 17:35:12.638" level="INFO">Returning element: WindowsElement(item=&lt;uiautomation.uiautomation.TextControl object at 0x000001E124936E10&gt;, locator='id:CalculatorResults', name='Display is 51', automation_id='CalculatorResults', control_type='TextControl', class_name='', left=2286, right=3017, top=366, bottom=545, width=731, height=179, xcenter=2651, ycenter=455)</msg>
<msg timestamp="20240531 17:35:12.638" level="INFO">Result Display: "Display is 51"</msg>
<status status="PASS" starttime="20240531 17:34:59.611" endtime="20240531 17:35:12.645"/>
</kw>
<doc>Verify division</doc>
<tag>math</tag>
<timeout value="2 minutes"/>
<status status="PASS" starttime="20240531 17:34:58.907" endtime="20240531 17:35:12.645"/>
</test>
<kw name="Stop Application" library="Application" type="TEARDOWN">
<doc>Stop application under test</doc>
<msg timestamp="20240531 17:35:12.647" level="INFO">Stop Application</msg>
<msg timestamp="20240531 17:35:12.648" level="INFO">Getting element with locator: WindowsElement(item=&lt;uiautomation.uiautomation.WindowControl object at 0x000001E12428C200&gt;, locator='name:Calculator and type:WindowControl', name='Calculator', automation_id='', control_type='WindowControl', class_name='ApplicationFrameWindow', left=2275, right=3028, top=190, bottom=1404, width=753, height=1214, xcenter=2651, ycenter=797)</msg>
<msg timestamp="20240531 17:35:12.649" level="INFO">Returning element: WindowsElement(item=&lt;uiautomation.uiautomation.WindowControl object at 0x000001E12428C200&gt;, locator='name:Calculator and type:WindowControl', name='Calculator', automation_id='', control_type='WindowControl', class_name='ApplicationFrameWindow', left=2275, right=3028, top=190, bottom=1404, width=753, height=1214, xcenter=2651, ycenter=797)</msg>
<msg timestamp="20240531 17:35:12.771" level="INFO">Getting element with locator: WindowsElement(item=&lt;uiautomation.uiautomation.WindowControl object at 0x000001E12428C200&gt;, locator='name:Calculator and type:WindowControl', name='Calculator', automation_id='', control_type='WindowControl', class_name='ApplicationFrameWindow', left=2275, right=3028, top=190, bottom=1404, width=753, height=1214, xcenter=2651, ycenter=797)</msg>
<msg timestamp="20240531 17:35:12.771" level="INFO">Returning element: WindowsElement(item=&lt;uiautomation.uiautomation.WindowControl object at 0x000001E12428C200&gt;, locator='name:Calculator and type:WindowControl', name='Calculator', automation_id='', control_type='WindowControl', class_name='ApplicationFrameWindow', left=2275, right=3028, top=190, bottom=1404, width=753, height=1214, xcenter=2651, ycenter=797)</msg>
<msg timestamp="20240531 17:35:13.274" level="INFO">Closing window with name: Calculator (PID: 30736)</msg>
<status status="PASS" starttime="20240531 17:35:12.646" endtime="20240531 17:35:13.275"/>
</kw>
<doc>Test Windows Calculator</doc>
<status status="PASS" starttime="20240531 17:34:53.308" endtime="20240531 17:35:13.275"/>
</suite>
<statistics>
<total>
<stat pass="1" fail="0" skip="0">All Tests</stat>
</total>
<tag>
<stat pass="1" fail="0" skip="0">math</stat>
</tag>
<suite>
<stat pass="1" fail="0" skip="0" id="s1" name="Calculator Tests">Calculator Tests</stat>
</suite>
</statistics>
<errors>
</errors>
</robot>
