<?xml version="1.0" encoding="UTF-8"?>
<robot generator="Robot 6.1.1 (Python 3.12.3 on win32)" generated="20240530 19:29:54.956" rpa="false" schemaversion="4">
<suite id="s1" name="Calculator Tests" source="d:\sw-dev\python\robot-test\src\robot_test\calculator_tests.robot">
<kw name="Start Application" library="Application" type="SETUP">
<arg>start_parameter</arg>
<doc>Start application under test</doc>
<msg timestamp="20240530 19:29:55.146" level="INFO">Start Application with start_parameter</msg>
<msg timestamp="20240530 19:29:55.148" level="INFO">Sending keys '{Win}r' to element: &lt;module 'uiautomation' from 'd:\\sw-dev\\python\\robot-test\\env\\Lib\\site-packages\\uiautomation\\__init__.py'&gt;</msg>
<msg timestamp="20240530 19:29:55.692" level="INFO">Sending keys 'Calc.exe' to element: &lt;module 'uiautomation' from 'd:\\sw-dev\\python\\robot-test\\env\\Lib\\site-packages\\uiautomation\\__init__.py'&gt;</msg>
<msg timestamp="20240530 19:29:56.278" level="INFO">Sending keys '{Enter}' to element: &lt;module 'uiautomation' from 'd:\\sw-dev\\python\\robot-test\\env\\Lib\\site-packages\\uiautomation\\__init__.py'&gt;</msg>
<msg timestamp="20240530 19:29:59.941" level="INFO">Getting element with locator: name:Calculator and type:WindowControl</msg>
<msg timestamp="20240530 19:29:59.941" level="INFO">Resulted root element: WindowsElement(item=&lt;uiautomation.uiautomation.PaneControl object at 0x000001D57D71C0B0&gt;, locator='name:Calculator and type:WindowControl', name='Desktop 1', automation_id='', control_type='PaneControl', class_name='#32769', left=0, right=3840, top=0, bottom=2160, width=3840, height=2160, xcenter=1920, ycenter=1080)</msg>
<msg timestamp="20240530 19:29:59.941" level="INFO">Locator 'name:Calculator and type:WindowControl' produced matcher: MatchObject(locators=[('Name', 'Calculator', 0), ('ControlType', 'WindowControl', 0)], _classes=set(), max_level=0)</msg>
<msg timestamp="20240530 19:30:00.113" level="INFO">Returning element: WindowsElement(item=&lt;uiautomation.uiautomation.WindowControl object at 0x000001D57D71C4D0&gt;, locator='name:Calculator and type:WindowControl', name='Calculator', automation_id='', control_type='WindowControl', class_name='ApplicationFrameWindow', left=4431, right=4933, top=259, bottom=1068, width=502, height=809, xcenter=4682, ycenter=663)</msg>
<status status="PASS" starttime="20240530 19:29:55.146" endtime="20240530 19:30:00.617"/>
</kw>
<test id="s1-t1" name="Test Addition" line="10">
<kw name="Init Application" library="Application" type="SETUP">
<doc>Init application under test</doc>
<msg timestamp="20240530 19:30:00.618" level="INFO">Init Application</msg>
<msg timestamp="20240530 19:30:00.618" level="INFO">Getting element with locator: id:clearButton type:button</msg>
<msg timestamp="20240530 19:30:00.619" level="INFO">Resulted root element: WindowsElement(item=&lt;uiautomation.uiautomation.WindowControl object at 0x000001D57D71C4D0&gt;, locator='name:Calculator and type:WindowControl', name='Calculator', automation_id='', control_type='WindowControl', class_name='ApplicationFrameWindow', left=4431, right=4933, top=259, bottom=1068, width=502, height=809, xcenter=4682, ycenter=663)</msg>
<msg timestamp="20240530 19:30:00.619" level="INFO">Locator 'id:clearButton type:button' produced matcher: MatchObject(locators=[('AutomationId', 'clearButton', 0), ('ControlType', 'buttonControl', 0)], _classes=set(), max_level=0)</msg>
<msg timestamp="20240530 19:30:00.839" level="INFO">Returning element: WindowsElement(item=&lt;uiautomation.uiautomation.ButtonControl object at 0x000001D57DDC50D0&gt;, locator='id:clearButton type:button', name='Clear', automation_id='clearButton', control_type='ButtonControl', class_name='Button', left=4683, right=4801, top=550, bottom=633, width=118, height=83, xcenter=4742, ycenter=591)</msg>
<status status="PASS" starttime="20240530 19:30:00.618" endtime="20240530 19:30:01.408"/>
</kw>
<kw name="Test Addition" library="Test">
<arg>4</arg>
<arg>4</arg>
<doc>Addition Test</doc>
<msg timestamp="20240530 19:30:01.409" level="INFO">Called: Test(4, 4)</msg>
<msg timestamp="20240530 19:30:01.409" level="INFO">Getting element with locator: id:num4Button type:button</msg>
<msg timestamp="20240530 19:30:01.410" level="INFO">Resulted root element: WindowsElement(item=&lt;uiautomation.uiautomation.WindowControl object at 0x000001D57D71C4D0&gt;, locator='name:Calculator and type:WindowControl', name='Calculator', automation_id='', control_type='WindowControl', class_name='ApplicationFrameWindow', left=4431, right=4933, top=259, bottom=1068, width=502, height=809, xcenter=4682, ycenter=663)</msg>
<msg timestamp="20240530 19:30:01.410" level="INFO">Locator 'id:num4Button type:button' produced matcher: MatchObject(locators=[('AutomationId', 'num4Button', 0), ('ControlType', 'buttonControl', 0)], _classes=set(), max_level=0)</msg>
<msg timestamp="20240530 19:30:01.620" level="INFO">Returning element: WindowsElement(item=&lt;uiautomation.uiautomation.ButtonControl object at 0x000001D57D6C3EF0&gt;, locator='id:num4Button type:button', name='Four', automation_id='num4Button', control_type='ButtonControl', class_name='Button', left=4443, right=4561, top=805, bottom=887, width=118, height=82, xcenter=4502, ycenter=846)</msg>
<msg timestamp="20240530 19:30:02.190" level="INFO">Getting element with locator: id:plusButton type:button</msg>
<msg timestamp="20240530 19:30:02.191" level="INFO">Resulted root element: WindowsElement(item=&lt;uiautomation.uiautomation.WindowControl object at 0x000001D57D71C4D0&gt;, locator='name:Calculator and type:WindowControl', name='Calculator', automation_id='', control_type='WindowControl', class_name='ApplicationFrameWindow', left=4431, right=4933, top=259, bottom=1068, width=502, height=809, xcenter=4682, ycenter=663)</msg>
<msg timestamp="20240530 19:30:02.191" level="INFO">Locator 'id:plusButton type:button' produced matcher: MatchObject(locators=[('AutomationId', 'plusButton', 0), ('ControlType', 'buttonControl', 0)], _classes=set(), max_level=0)</msg>
<msg timestamp="20240530 19:30:02.390" level="INFO">Returning element: WindowsElement(item=&lt;uiautomation.uiautomation.ButtonControl object at 0x000001D57D6C25D0&gt;, locator='id:plusButton type:button', name='Plus', automation_id='plusButton', control_type='ButtonControl', class_name='Button', left=4803, right=4921, top=889, bottom=972, width=118, height=83, xcenter=4862, ycenter=930)</msg>
<msg timestamp="20240530 19:30:02.944" level="INFO">Getting element with locator: id:num4Button type:button</msg>
<msg timestamp="20240530 19:30:02.944" level="INFO">Resulted root element: WindowsElement(item=&lt;uiautomation.uiautomation.WindowControl object at 0x000001D57D71C4D0&gt;, locator='name:Calculator and type:WindowControl', name='Calculator', automation_id='', control_type='WindowControl', class_name='ApplicationFrameWindow', left=4431, right=4933, top=259, bottom=1068, width=502, height=809, xcenter=4682, ycenter=663)</msg>
<msg timestamp="20240530 19:30:02.944" level="INFO">Locator 'id:num4Button type:button' produced matcher: MatchObject(locators=[('AutomationId', 'num4Button', 0), ('ControlType', 'buttonControl', 0)], _classes=set(), max_level=0)</msg>
<msg timestamp="20240530 19:30:03.148" level="INFO">Returning element: WindowsElement(item=&lt;uiautomation.uiautomation.ButtonControl object at 0x000001D57D6C2480&gt;, locator='id:num4Button type:button', name='Four', automation_id='num4Button', control_type='ButtonControl', class_name='Button', left=4443, right=4561, top=805, bottom=887, width=118, height=82, xcenter=4502, ycenter=846)</msg>
<msg timestamp="20240530 19:30:03.701" level="INFO">Getting element with locator: id:equalButton type:button</msg>
<msg timestamp="20240530 19:30:03.702" level="INFO">Resulted root element: WindowsElement(item=&lt;uiautomation.uiautomation.WindowControl object at 0x000001D57D71C4D0&gt;, locator='name:Calculator and type:WindowControl', name='Calculator', automation_id='', control_type='WindowControl', class_name='ApplicationFrameWindow', left=4431, right=4933, top=259, bottom=1068, width=502, height=809, xcenter=4682, ycenter=663)</msg>
<msg timestamp="20240530 19:30:03.702" level="INFO">Locator 'id:equalButton type:button' produced matcher: MatchObject(locators=[('AutomationId', 'equalButton', 0), ('ControlType', 'buttonControl', 0)], _classes=set(), max_level=0)</msg>
<msg timestamp="20240530 19:30:03.902" level="INFO">Returning element: WindowsElement(item=&lt;uiautomation.uiautomation.ButtonControl object at 0x000001D57DDB53A0&gt;, locator='id:equalButton type:button', name='Equals', automation_id='equalButton', control_type='ButtonControl', class_name='Button', left=4803, right=4921, top=974, bottom=1056, width=118, height=82, xcenter=4862, ycenter=1015)</msg>
<msg timestamp="20240530 19:30:04.453" level="INFO">Getting element with locator: id:CalculatorResults</msg>
<msg timestamp="20240530 19:30:04.454" level="INFO">Resulted root element: WindowsElement(item=&lt;uiautomation.uiautomation.WindowControl object at 0x000001D57D71C4D0&gt;, locator='name:Calculator and type:WindowControl', name='Calculator', automation_id='', control_type='WindowControl', class_name='ApplicationFrameWindow', left=4431, right=4933, top=259, bottom=1068, width=502, height=809, xcenter=4682, ycenter=663)</msg>
<msg timestamp="20240530 19:30:04.454" level="INFO">Locator 'id:CalculatorResults' produced matcher: MatchObject(locators=[('AutomationId', 'CalculatorResults', 0)], _classes=set(), max_level=0)</msg>
<msg timestamp="20240530 19:30:04.466" level="INFO">Returning element: WindowsElement(item=&lt;uiautomation.uiautomation.TextControl object at 0x000001D57D71C290&gt;, locator='id:CalculatorResults', name='Display is 8', automation_id='CalculatorResults', control_type='TextControl', class_name='', left=4439, right=4925, top=377, bottom=496, width=486, height=119, xcenter=4682, ycenter=436)</msg>
<msg timestamp="20240530 19:30:04.467" level="INFO">Result: "Display is 8"</msg>
<status status="PASS" starttime="20240530 19:30:01.409" endtime="20240530 19:30:04.467"/>
</kw>
<kw name="Test Addition" library="Test">
<arg>90</arg>
<arg>8</arg>
<doc>Addition Test</doc>
<msg timestamp="20240530 19:30:04.468" level="INFO">Called: Test(90, 8)</msg>
<msg timestamp="20240530 19:30:04.468" level="INFO">Getting element with locator: id:num9Button type:button</msg>
<msg timestamp="20240530 19:30:04.468" level="INFO">Resulted root element: WindowsElement(item=&lt;uiautomation.uiautomation.WindowControl object at 0x000001D57D71C4D0&gt;, locator='name:Calculator and type:WindowControl', name='Calculator', automation_id='', control_type='WindowControl', class_name='ApplicationFrameWindow', left=4431, right=4933, top=259, bottom=1068, width=502, height=809, xcenter=4682, ycenter=663)</msg>
<msg timestamp="20240530 19:30:04.469" level="INFO">Locator 'id:num9Button type:button' produced matcher: MatchObject(locators=[('AutomationId', 'num9Button', 0), ('ControlType', 'buttonControl', 0)], _classes=set(), max_level=0)</msg>
<msg timestamp="20240530 19:30:04.687" level="INFO">Returning element: WindowsElement(item=&lt;uiautomation.uiautomation.ButtonControl object at 0x000001D57D6C23C0&gt;, locator='id:num9Button type:button', name='Nine', automation_id='num9Button', control_type='ButtonControl', class_name='Button', left=4683, right=4801, top=720, bottom=803, width=118, height=83, xcenter=4742, ycenter=761)</msg>
<msg timestamp="20240530 19:30:05.256" level="INFO">Getting element with locator: id:num0Button type:button</msg>
<msg timestamp="20240530 19:30:05.257" level="INFO">Resulted root element: WindowsElement(item=&lt;uiautomation.uiautomation.WindowControl object at 0x000001D57D71C4D0&gt;, locator='name:Calculator and type:WindowControl', name='Calculator', automation_id='', control_type='WindowControl', class_name='ApplicationFrameWindow', left=4431, right=4933, top=259, bottom=1068, width=502, height=809, xcenter=4682, ycenter=663)</msg>
<msg timestamp="20240530 19:30:05.257" level="INFO">Locator 'id:num0Button type:button' produced matcher: MatchObject(locators=[('AutomationId', 'num0Button', 0), ('ControlType', 'buttonControl', 0)], _classes=set(), max_level=0)</msg>
<msg timestamp="20240530 19:30:05.460" level="INFO">Returning element: WindowsElement(item=&lt;uiautomation.uiautomation.ButtonControl object at 0x000001D57D6C3D40&gt;, locator='id:num0Button type:button', name='Zero', automation_id='num0Button', control_type='ButtonControl', class_name='Button', left=4563, right=4681, top=974, bottom=1056, width=118, height=82, xcenter=4622, ycenter=1015)</msg>
<msg timestamp="20240530 19:30:06.013" level="INFO">Getting element with locator: id:plusButton type:button</msg>
<msg timestamp="20240530 19:30:06.014" level="INFO">Resulted root element: WindowsElement(item=&lt;uiautomation.uiautomation.WindowControl object at 0x000001D57D71C4D0&gt;, locator='name:Calculator and type:WindowControl', name='Calculator', automation_id='', control_type='WindowControl', class_name='ApplicationFrameWindow', left=4431, right=4933, top=259, bottom=1068, width=502, height=809, xcenter=4682, ycenter=663)</msg>
<msg timestamp="20240530 19:30:06.014" level="INFO">Locator 'id:plusButton type:button' produced matcher: MatchObject(locators=[('AutomationId', 'plusButton', 0), ('ControlType', 'buttonControl', 0)], _classes=set(), max_level=0)</msg>
<msg timestamp="20240530 19:30:06.220" level="INFO">Returning element: WindowsElement(item=&lt;uiautomation.uiautomation.ButtonControl object at 0x000001D57D6C3EC0&gt;, locator='id:plusButton type:button', name='Plus', automation_id='plusButton', control_type='ButtonControl', class_name='Button', left=4803, right=4921, top=889, bottom=972, width=118, height=83, xcenter=4862, ycenter=930)</msg>
<msg timestamp="20240530 19:30:06.773" level="INFO">Getting element with locator: id:num8Button type:button</msg>
<msg timestamp="20240530 19:30:06.774" level="INFO">Resulted root element: WindowsElement(item=&lt;uiautomation.uiautomation.WindowControl object at 0x000001D57D71C4D0&gt;, locator='name:Calculator and type:WindowControl', name='Calculator', automation_id='', control_type='WindowControl', class_name='ApplicationFrameWindow', left=4431, right=4933, top=259, bottom=1068, width=502, height=809, xcenter=4682, ycenter=663)</msg>
<msg timestamp="20240530 19:30:06.774" level="INFO">Locator 'id:num8Button type:button' produced matcher: MatchObject(locators=[('AutomationId', 'num8Button', 0), ('ControlType', 'buttonControl', 0)], _classes=set(), max_level=0)</msg>
<msg timestamp="20240530 19:30:07.008" level="INFO">Returning element: WindowsElement(item=&lt;uiautomation.uiautomation.ButtonControl object at 0x000001D57D6C3F80&gt;, locator='id:num8Button type:button', name='Eight', automation_id='num8Button', control_type='ButtonControl', class_name='Button', left=4563, right=4681, top=720, bottom=803, width=118, height=83, xcenter=4622, ycenter=761)</msg>
<msg timestamp="20240530 19:30:07.572" level="INFO">Getting element with locator: id:equalButton type:button</msg>
<msg timestamp="20240530 19:30:07.573" level="INFO">Resulted root element: WindowsElement(item=&lt;uiautomation.uiautomation.WindowControl object at 0x000001D57D71C4D0&gt;, locator='name:Calculator and type:WindowControl', name='Calculator', automation_id='', control_type='WindowControl', class_name='ApplicationFrameWindow', left=4431, right=4933, top=259, bottom=1068, width=502, height=809, xcenter=4682, ycenter=663)</msg>
<msg timestamp="20240530 19:30:07.573" level="INFO">Locator 'id:equalButton type:button' produced matcher: MatchObject(locators=[('AutomationId', 'equalButton', 0), ('ControlType', 'buttonControl', 0)], _classes=set(), max_level=0)</msg>
<msg timestamp="20240530 19:30:07.771" level="INFO">Returning element: WindowsElement(item=&lt;uiautomation.uiautomation.ButtonControl object at 0x000001D57D6C2330&gt;, locator='id:equalButton type:button', name='Equals', automation_id='equalButton', control_type='ButtonControl', class_name='Button', left=4803, right=4921, top=974, bottom=1056, width=118, height=82, xcenter=4862, ycenter=1015)</msg>
<msg timestamp="20240530 19:30:08.324" level="INFO">Getting element with locator: id:CalculatorResults</msg>
<msg timestamp="20240530 19:30:08.324" level="INFO">Resulted root element: WindowsElement(item=&lt;uiautomation.uiautomation.WindowControl object at 0x000001D57D71C4D0&gt;, locator='name:Calculator and type:WindowControl', name='Calculator', automation_id='', control_type='WindowControl', class_name='ApplicationFrameWindow', left=4431, right=4933, top=259, bottom=1068, width=502, height=809, xcenter=4682, ycenter=663)</msg>
<msg timestamp="20240530 19:30:08.325" level="INFO">Locator 'id:CalculatorResults' produced matcher: MatchObject(locators=[('AutomationId', 'CalculatorResults', 0)], _classes=set(), max_level=0)</msg>
<msg timestamp="20240530 19:30:08.337" level="INFO">Returning element: WindowsElement(item=&lt;uiautomation.uiautomation.TextControl object at 0x000001D57D609340&gt;, locator='id:CalculatorResults', name='Display is 98', automation_id='CalculatorResults', control_type='TextControl', class_name='', left=4439, right=4925, top=377, bottom=496, width=486, height=119, xcenter=4682, ycenter=436)</msg>
<msg timestamp="20240530 19:30:08.338" level="INFO">Result: "Display is 98"</msg>
<status status="PASS" starttime="20240530 19:30:04.467" endtime="20240530 19:30:08.338"/>
</kw>
<kw name="Test Addition" library="Test">
<arg>0100</arg>
<arg>0</arg>
<doc>Addition Test</doc>
<msg timestamp="20240530 19:30:08.338" level="INFO">Called: Test(100, 0)</msg>
<msg timestamp="20240530 19:30:08.339" level="INFO">Getting element with locator: id:num1Button type:button</msg>
<msg timestamp="20240530 19:30:08.339" level="INFO">Resulted root element: WindowsElement(item=&lt;uiautomation.uiautomation.WindowControl object at 0x000001D57D71C4D0&gt;, locator='name:Calculator and type:WindowControl', name='Calculator', automation_id='', control_type='WindowControl', class_name='ApplicationFrameWindow', left=4431, right=4933, top=259, bottom=1068, width=502, height=809, xcenter=4682, ycenter=663)</msg>
<msg timestamp="20240530 19:30:08.339" level="INFO">Locator 'id:num1Button type:button' produced matcher: MatchObject(locators=[('AutomationId', 'num1Button', 0), ('ControlType', 'buttonControl', 0)], _classes=set(), max_level=0)</msg>
<msg timestamp="20240530 19:30:08.540" level="INFO">Returning element: WindowsElement(item=&lt;uiautomation.uiautomation.ButtonControl object at 0x000001D57D6C3AA0&gt;, locator='id:num1Button type:button', name='One', automation_id='num1Button', control_type='ButtonControl', class_name='Button', left=4443, right=4561, top=889, bottom=972, width=118, height=83, xcenter=4502, ycenter=930)</msg>
<msg timestamp="20240530 19:30:09.094" level="INFO">Getting element with locator: id:num0Button type:button</msg>
<msg timestamp="20240530 19:30:09.095" level="INFO">Resulted root element: WindowsElement(item=&lt;uiautomation.uiautomation.WindowControl object at 0x000001D57D71C4D0&gt;, locator='name:Calculator and type:WindowControl', name='Calculator', automation_id='', control_type='WindowControl', class_name='ApplicationFrameWindow', left=4431, right=4933, top=259, bottom=1068, width=502, height=809, xcenter=4682, ycenter=663)</msg>
<msg timestamp="20240530 19:30:09.095" level="INFO">Locator 'id:num0Button type:button' produced matcher: MatchObject(locators=[('AutomationId', 'num0Button', 0), ('ControlType', 'buttonControl', 0)], _classes=set(), max_level=0)</msg>
<msg timestamp="20240530 19:30:09.294" level="INFO">Returning element: WindowsElement(item=&lt;uiautomation.uiautomation.ButtonControl object at 0x000001D57D6C3BF0&gt;, locator='id:num0Button type:button', name='Zero', automation_id='num0Button', control_type='ButtonControl', class_name='Button', left=4563, right=4681, top=974, bottom=1056, width=118, height=82, xcenter=4622, ycenter=1015)</msg>
<msg timestamp="20240530 19:30:09.847" level="INFO">Getting element with locator: id:num0Button type:button</msg>
<msg timestamp="20240530 19:30:09.848" level="INFO">Resulted root element: WindowsElement(item=&lt;uiautomation.uiautomation.WindowControl object at 0x000001D57D71C4D0&gt;, locator='name:Calculator and type:WindowControl', name='Calculator', automation_id='', control_type='WindowControl', class_name='ApplicationFrameWindow', left=4431, right=4933, top=259, bottom=1068, width=502, height=809, xcenter=4682, ycenter=663)</msg>
<msg timestamp="20240530 19:30:09.848" level="INFO">Locator 'id:num0Button type:button' produced matcher: MatchObject(locators=[('AutomationId', 'num0Button', 0), ('ControlType', 'buttonControl', 0)], _classes=set(), max_level=0)</msg>
<msg timestamp="20240530 19:30:10.051" level="INFO">Returning element: WindowsElement(item=&lt;uiautomation.uiautomation.ButtonControl object at 0x000001D57D6C3CB0&gt;, locator='id:num0Button type:button', name='Zero', automation_id='num0Button', control_type='ButtonControl', class_name='Button', left=4563, right=4681, top=974, bottom=1056, width=118, height=82, xcenter=4622, ycenter=1015)</msg>
<msg timestamp="20240530 19:30:10.603" level="INFO">Getting element with locator: id:plusButton type:button</msg>
<msg timestamp="20240530 19:30:10.604" level="INFO">Resulted root element: WindowsElement(item=&lt;uiautomation.uiautomation.WindowControl object at 0x000001D57D71C4D0&gt;, locator='name:Calculator and type:WindowControl', name='Calculator', automation_id='', control_type='WindowControl', class_name='ApplicationFrameWindow', left=4431, right=4933, top=259, bottom=1068, width=502, height=809, xcenter=4682, ycenter=663)</msg>
<msg timestamp="20240530 19:30:10.604" level="INFO">Locator 'id:plusButton type:button' produced matcher: MatchObject(locators=[('AutomationId', 'plusButton', 0), ('ControlType', 'buttonControl', 0)], _classes=set(), max_level=0)</msg>
<msg timestamp="20240530 19:30:10.803" level="INFO">Returning element: WindowsElement(item=&lt;uiautomation.uiautomation.ButtonControl object at 0x000001D57D6C3E90&gt;, locator='id:plusButton type:button', name='Plus', automation_id='plusButton', control_type='ButtonControl', class_name='Button', left=4803, right=4921, top=889, bottom=972, width=118, height=83, xcenter=4862, ycenter=930)</msg>
<msg timestamp="20240530 19:30:11.372" level="INFO">Getting element with locator: id:num0Button type:button</msg>
<msg timestamp="20240530 19:30:11.373" level="INFO">Resulted root element: WindowsElement(item=&lt;uiautomation.uiautomation.WindowControl object at 0x000001D57D71C4D0&gt;, locator='name:Calculator and type:WindowControl', name='Calculator', automation_id='', control_type='WindowControl', class_name='ApplicationFrameWindow', left=4431, right=4933, top=259, bottom=1068, width=502, height=809, xcenter=4682, ycenter=663)</msg>
<msg timestamp="20240530 19:30:11.373" level="INFO">Locator 'id:num0Button type:button' produced matcher: MatchObject(locators=[('AutomationId', 'num0Button', 0), ('ControlType', 'buttonControl', 0)], _classes=set(), max_level=0)</msg>
<msg timestamp="20240530 19:30:11.574" level="INFO">Returning element: WindowsElement(item=&lt;uiautomation.uiautomation.ButtonControl object at 0x000001D57D6C3C80&gt;, locator='id:num0Button type:button', name='Zero', automation_id='num0Button', control_type='ButtonControl', class_name='Button', left=4563, right=4681, top=974, bottom=1056, width=118, height=82, xcenter=4622, ycenter=1015)</msg>
<msg timestamp="20240530 19:30:12.127" level="INFO">Getting element with locator: id:equalButton type:button</msg>
<msg timestamp="20240530 19:30:12.128" level="INFO">Resulted root element: WindowsElement(item=&lt;uiautomation.uiautomation.WindowControl object at 0x000001D57D71C4D0&gt;, locator='name:Calculator and type:WindowControl', name='Calculator', automation_id='', control_type='WindowControl', class_name='ApplicationFrameWindow', left=4431, right=4933, top=259, bottom=1068, width=502, height=809, xcenter=4682, ycenter=663)</msg>
<msg timestamp="20240530 19:30:12.128" level="INFO">Locator 'id:equalButton type:button' produced matcher: MatchObject(locators=[('AutomationId', 'equalButton', 0), ('ControlType', 'buttonControl', 0)], _classes=set(), max_level=0)</msg>
<msg timestamp="20240530 19:30:12.327" level="INFO">Returning element: WindowsElement(item=&lt;uiautomation.uiautomation.ButtonControl object at 0x000001D57D139100&gt;, locator='id:equalButton type:button', name='Equals', automation_id='equalButton', control_type='ButtonControl', class_name='Button', left=4803, right=4921, top=974, bottom=1056, width=118, height=82, xcenter=4862, ycenter=1015)</msg>
<msg timestamp="20240530 19:30:12.879" level="INFO">Getting element with locator: id:CalculatorResults</msg>
<msg timestamp="20240530 19:30:12.880" level="INFO">Resulted root element: WindowsElement(item=&lt;uiautomation.uiautomation.WindowControl object at 0x000001D57D71C4D0&gt;, locator='name:Calculator and type:WindowControl', name='Calculator', automation_id='', control_type='WindowControl', class_name='ApplicationFrameWindow', left=4431, right=4933, top=259, bottom=1068, width=502, height=809, xcenter=4682, ycenter=663)</msg>
<msg timestamp="20240530 19:30:12.880" level="INFO">Locator 'id:CalculatorResults' produced matcher: MatchObject(locators=[('AutomationId', 'CalculatorResults', 0)], _classes=set(), max_level=0)</msg>
<msg timestamp="20240530 19:30:12.893" level="INFO">Returning element: WindowsElement(item=&lt;uiautomation.uiautomation.TextControl object at 0x000001D57D71C530&gt;, locator='id:CalculatorResults', name='Display is 100', automation_id='CalculatorResults', control_type='TextControl', class_name='', left=4439, right=4925, top=377, bottom=496, width=486, height=119, xcenter=4682, ycenter=436)</msg>
<msg timestamp="20240530 19:30:12.894" level="INFO">Result: "Display is 100"</msg>
<status status="PASS" starttime="20240530 19:30:08.338" endtime="20240530 19:30:12.894"/>
</kw>
<kw name="Test Addition" library="Test">
<arg>9</arg>
<arg>92</arg>
<doc>Addition Test</doc>
<msg timestamp="20240530 19:30:12.895" level="INFO">Called: Test(9, 92)</msg>
<msg timestamp="20240530 19:30:12.895" level="INFO">Getting element with locator: id:num9Button type:button</msg>
<msg timestamp="20240530 19:30:12.895" level="INFO">Resulted root element: WindowsElement(item=&lt;uiautomation.uiautomation.WindowControl object at 0x000001D57D71C4D0&gt;, locator='name:Calculator and type:WindowControl', name='Calculator', automation_id='', control_type='WindowControl', class_name='ApplicationFrameWindow', left=4431, right=4933, top=259, bottom=1068, width=502, height=809, xcenter=4682, ycenter=663)</msg>
<msg timestamp="20240530 19:30:12.895" level="INFO">Locator 'id:num9Button type:button' produced matcher: MatchObject(locators=[('AutomationId', 'num9Button', 0), ('ControlType', 'buttonControl', 0)], _classes=set(), max_level=0)</msg>
<msg timestamp="20240530 19:30:13.115" level="INFO">Returning element: WindowsElement(item=&lt;uiautomation.uiautomation.ButtonControl object at 0x000001D57D6C2330&gt;, locator='id:num9Button type:button', name='Nine', automation_id='num9Button', control_type='ButtonControl', class_name='Button', left=4683, right=4801, top=720, bottom=803, width=118, height=83, xcenter=4742, ycenter=761)</msg>
<msg timestamp="20240530 19:30:13.672" level="INFO">Getting element with locator: id:plusButton type:button</msg>
<msg timestamp="20240530 19:30:13.673" level="INFO">Resulted root element: WindowsElement(item=&lt;uiautomation.uiautomation.WindowControl object at 0x000001D57D71C4D0&gt;, locator='name:Calculator and type:WindowControl', name='Calculator', automation_id='', control_type='WindowControl', class_name='ApplicationFrameWindow', left=4431, right=4933, top=259, bottom=1068, width=502, height=809, xcenter=4682, ycenter=663)</msg>
<msg timestamp="20240530 19:30:13.673" level="INFO">Locator 'id:plusButton type:button' produced matcher: MatchObject(locators=[('AutomationId', 'plusButton', 0), ('ControlType', 'buttonControl', 0)], _classes=set(), max_level=0)</msg>
<msg timestamp="20240530 19:30:13.869" level="INFO">Returning element: WindowsElement(item=&lt;uiautomation.uiautomation.ButtonControl object at 0x000001D57D6C2420&gt;, locator='id:plusButton type:button', name='Plus', automation_id='plusButton', control_type='ButtonControl', class_name='Button', left=4803, right=4921, top=889, bottom=972, width=118, height=83, xcenter=4862, ycenter=930)</msg>
<msg timestamp="20240530 19:30:14.422" level="INFO">Getting element with locator: id:num9Button type:button</msg>
<msg timestamp="20240530 19:30:14.423" level="INFO">Resulted root element: WindowsElement(item=&lt;uiautomation.uiautomation.WindowControl object at 0x000001D57D71C4D0&gt;, locator='name:Calculator and type:WindowControl', name='Calculator', automation_id='', control_type='WindowControl', class_name='ApplicationFrameWindow', left=4431, right=4933, top=259, bottom=1068, width=502, height=809, xcenter=4682, ycenter=663)</msg>
<msg timestamp="20240530 19:30:14.423" level="INFO">Locator 'id:num9Button type:button' produced matcher: MatchObject(locators=[('AutomationId', 'num9Button', 0), ('ControlType', 'buttonControl', 0)], _classes=set(), max_level=0)</msg>
<msg timestamp="20240530 19:30:14.631" level="INFO">Returning element: WindowsElement(item=&lt;uiautomation.uiautomation.ButtonControl object at 0x000001D57D6C3AA0&gt;, locator='id:num9Button type:button', name='Nine', automation_id='num9Button', control_type='ButtonControl', class_name='Button', left=4683, right=4801, top=720, bottom=803, width=118, height=83, xcenter=4742, ycenter=761)</msg>
<msg timestamp="20240530 19:30:15.184" level="INFO">Getting element with locator: id:num2Button type:button</msg>
<msg timestamp="20240530 19:30:15.185" level="INFO">Resulted root element: WindowsElement(item=&lt;uiautomation.uiautomation.WindowControl object at 0x000001D57D71C4D0&gt;, locator='name:Calculator and type:WindowControl', name='Calculator', automation_id='', control_type='WindowControl', class_name='ApplicationFrameWindow', left=4431, right=4933, top=259, bottom=1068, width=502, height=809, xcenter=4682, ycenter=663)</msg>
<msg timestamp="20240530 19:30:15.185" level="INFO">Locator 'id:num2Button type:button' produced matcher: MatchObject(locators=[('AutomationId', 'num2Button', 0), ('ControlType', 'buttonControl', 0)], _classes=set(), max_level=0)</msg>
<msg timestamp="20240530 19:30:15.387" level="INFO">Returning element: WindowsElement(item=&lt;uiautomation.uiautomation.ButtonControl object at 0x000001D57D6C2420&gt;, locator='id:num2Button type:button', name='Two', automation_id='num2Button', control_type='ButtonControl', class_name='Button', left=4563, right=4681, top=889, bottom=972, width=118, height=83, xcenter=4622, ycenter=930)</msg>
<msg timestamp="20240530 19:30:15.939" level="INFO">Getting element with locator: id:equalButton type:button</msg>
<msg timestamp="20240530 19:30:15.940" level="INFO">Resulted root element: WindowsElement(item=&lt;uiautomation.uiautomation.WindowControl object at 0x000001D57D71C4D0&gt;, locator='name:Calculator and type:WindowControl', name='Calculator', automation_id='', control_type='WindowControl', class_name='ApplicationFrameWindow', left=4431, right=4933, top=259, bottom=1068, width=502, height=809, xcenter=4682, ycenter=663)</msg>
<msg timestamp="20240530 19:30:15.940" level="INFO">Locator 'id:equalButton type:button' produced matcher: MatchObject(locators=[('AutomationId', 'equalButton', 0), ('ControlType', 'buttonControl', 0)], _classes=set(), max_level=0)</msg>
<msg timestamp="20240530 19:30:16.140" level="INFO">Returning element: WindowsElement(item=&lt;uiautomation.uiautomation.ButtonControl object at 0x000001D57D6C3D70&gt;, locator='id:equalButton type:button', name='Equals', automation_id='equalButton', control_type='ButtonControl', class_name='Button', left=4803, right=4921, top=974, bottom=1056, width=118, height=82, xcenter=4862, ycenter=1015)</msg>
<msg timestamp="20240530 19:30:16.693" level="INFO">Getting element with locator: id:CalculatorResults</msg>
<msg timestamp="20240530 19:30:16.694" level="INFO">Resulted root element: WindowsElement(item=&lt;uiautomation.uiautomation.WindowControl object at 0x000001D57D71C4D0&gt;, locator='name:Calculator and type:WindowControl', name='Calculator', automation_id='', control_type='WindowControl', class_name='ApplicationFrameWindow', left=4431, right=4933, top=259, bottom=1068, width=502, height=809, xcenter=4682, ycenter=663)</msg>
<msg timestamp="20240530 19:30:16.694" level="INFO">Locator 'id:CalculatorResults' produced matcher: MatchObject(locators=[('AutomationId', 'CalculatorResults', 0)], _classes=set(), max_level=0)</msg>
<msg timestamp="20240530 19:30:16.707" level="INFO">Returning element: WindowsElement(item=&lt;uiautomation.uiautomation.TextControl object at 0x000001D57DDC6CF0&gt;, locator='id:CalculatorResults', name='Display is 101', automation_id='CalculatorResults', control_type='TextControl', class_name='', left=4439, right=4925, top=377, bottom=496, width=486, height=119, xcenter=4682, ycenter=436)</msg>
<msg timestamp="20240530 19:30:16.707" level="INFO">Result: "Display is 101"</msg>
<status status="PASS" starttime="20240530 19:30:12.894" endtime="20240530 19:30:16.707"/>
</kw>
<kw name="Test Addition" library="Test">
<arg>698</arg>
<arg>-92</arg>
<doc>Addition Test</doc>
<msg timestamp="20240530 19:30:16.708" level="INFO">Called: Test(698, -92)</msg>
<msg timestamp="20240530 19:30:16.708" level="INFO">Getting element with locator: id:num6Button type:button</msg>
<msg timestamp="20240530 19:30:16.709" level="INFO">Resulted root element: WindowsElement(item=&lt;uiautomation.uiautomation.WindowControl object at 0x000001D57D71C4D0&gt;, locator='name:Calculator and type:WindowControl', name='Calculator', automation_id='', control_type='WindowControl', class_name='ApplicationFrameWindow', left=4431, right=4933, top=259, bottom=1068, width=502, height=809, xcenter=4682, ycenter=663)</msg>
<msg timestamp="20240530 19:30:16.709" level="INFO">Locator 'id:num6Button type:button' produced matcher: MatchObject(locators=[('AutomationId', 'num6Button', 0), ('ControlType', 'buttonControl', 0)], _classes=set(), max_level=0)</msg>
<msg timestamp="20240530 19:30:16.916" level="INFO">Returning element: WindowsElement(item=&lt;uiautomation.uiautomation.ButtonControl object at 0x000001D57D6C3CE0&gt;, locator='id:num6Button type:button', name='Six', automation_id='num6Button', control_type='ButtonControl', class_name='Button', left=4683, right=4801, top=805, bottom=887, width=118, height=82, xcenter=4742, ycenter=846)</msg>
<msg timestamp="20240530 19:30:17.468" level="INFO">Getting element with locator: id:num9Button type:button</msg>
<msg timestamp="20240530 19:30:17.469" level="INFO">Resulted root element: WindowsElement(item=&lt;uiautomation.uiautomation.WindowControl object at 0x000001D57D71C4D0&gt;, locator='name:Calculator and type:WindowControl', name='Calculator', automation_id='', control_type='WindowControl', class_name='ApplicationFrameWindow', left=4431, right=4933, top=259, bottom=1068, width=502, height=809, xcenter=4682, ycenter=663)</msg>
<msg timestamp="20240530 19:30:17.469" level="INFO">Locator 'id:num9Button type:button' produced matcher: MatchObject(locators=[('AutomationId', 'num9Button', 0), ('ControlType', 'buttonControl', 0)], _classes=set(), max_level=0)</msg>
<msg timestamp="20240530 19:30:17.678" level="INFO">Returning element: WindowsElement(item=&lt;uiautomation.uiautomation.ButtonControl object at 0x000001D57D6C3F20&gt;, locator='id:num9Button type:button', name='Nine', automation_id='num9Button', control_type='ButtonControl', class_name='Button', left=4683, right=4801, top=720, bottom=803, width=118, height=83, xcenter=4742, ycenter=761)</msg>
<msg timestamp="20240530 19:30:18.231" level="INFO">Getting element with locator: id:num8Button type:button</msg>
<msg timestamp="20240530 19:30:18.232" level="INFO">Resulted root element: WindowsElement(item=&lt;uiautomation.uiautomation.WindowControl object at 0x000001D57D71C4D0&gt;, locator='name:Calculator and type:WindowControl', name='Calculator', automation_id='', control_type='WindowControl', class_name='ApplicationFrameWindow', left=4431, right=4933, top=259, bottom=1068, width=502, height=809, xcenter=4682, ycenter=663)</msg>
<msg timestamp="20240530 19:30:18.232" level="INFO">Locator 'id:num8Button type:button' produced matcher: MatchObject(locators=[('AutomationId', 'num8Button', 0), ('ControlType', 'buttonControl', 0)], _classes=set(), max_level=0)</msg>
<msg timestamp="20240530 19:30:18.439" level="INFO">Returning element: WindowsElement(item=&lt;uiautomation.uiautomation.ButtonControl object at 0x000001D57D6C2600&gt;, locator='id:num8Button type:button', name='Eight', automation_id='num8Button', control_type='ButtonControl', class_name='Button', left=4563, right=4681, top=720, bottom=803, width=118, height=83, xcenter=4622, ycenter=761)</msg>
<msg timestamp="20240530 19:30:18.991" level="INFO">Getting element with locator: id:plusButton type:button</msg>
<msg timestamp="20240530 19:30:18.992" level="INFO">Resulted root element: WindowsElement(item=&lt;uiautomation.uiautomation.WindowControl object at 0x000001D57D71C4D0&gt;, locator='name:Calculator and type:WindowControl', name='Calculator', automation_id='', control_type='WindowControl', class_name='ApplicationFrameWindow', left=4431, right=4933, top=259, bottom=1068, width=502, height=809, xcenter=4682, ycenter=663)</msg>
<msg timestamp="20240530 19:30:18.992" level="INFO">Locator 'id:plusButton type:button' produced matcher: MatchObject(locators=[('AutomationId', 'plusButton', 0), ('ControlType', 'buttonControl', 0)], _classes=set(), max_level=0)</msg>
<msg timestamp="20240530 19:30:19.191" level="INFO">Returning element: WindowsElement(item=&lt;uiautomation.uiautomation.ButtonControl object at 0x000001D57D6C1FD0&gt;, locator='id:plusButton type:button', name='Plus', automation_id='plusButton', control_type='ButtonControl', class_name='Button', left=4803, right=4921, top=889, bottom=972, width=118, height=83, xcenter=4862, ycenter=930)</msg>
<msg timestamp="20240530 19:30:19.755" level="INFO">Getting element with locator: id:num9Button type:button</msg>
<msg timestamp="20240530 19:30:19.756" level="INFO">Resulted root element: WindowsElement(item=&lt;uiautomation.uiautomation.WindowControl object at 0x000001D57D71C4D0&gt;, locator='name:Calculator and type:WindowControl', name='Calculator', automation_id='', control_type='WindowControl', class_name='ApplicationFrameWindow', left=4431, right=4933, top=259, bottom=1068, width=502, height=809, xcenter=4682, ycenter=663)</msg>
<msg timestamp="20240530 19:30:19.756" level="INFO">Locator 'id:num9Button type:button' produced matcher: MatchObject(locators=[('AutomationId', 'num9Button', 0), ('ControlType', 'buttonControl', 0)], _classes=set(), max_level=0)</msg>
<msg timestamp="20240530 19:30:19.965" level="INFO">Returning element: WindowsElement(item=&lt;uiautomation.uiautomation.ButtonControl object at 0x000001D57D6C3CE0&gt;, locator='id:num9Button type:button', name='Nine', automation_id='num9Button', control_type='ButtonControl', class_name='Button', left=4683, right=4801, top=720, bottom=803, width=118, height=83, xcenter=4742, ycenter=761)</msg>
<msg timestamp="20240530 19:30:20.518" level="INFO">Getting element with locator: id:num2Button type:button</msg>
<msg timestamp="20240530 19:30:20.519" level="INFO">Resulted root element: WindowsElement(item=&lt;uiautomation.uiautomation.WindowControl object at 0x000001D57D71C4D0&gt;, locator='name:Calculator and type:WindowControl', name='Calculator', automation_id='', control_type='WindowControl', class_name='ApplicationFrameWindow', left=4431, right=4933, top=259, bottom=1068, width=502, height=809, xcenter=4682, ycenter=663)</msg>
<msg timestamp="20240530 19:30:20.519" level="INFO">Locator 'id:num2Button type:button' produced matcher: MatchObject(locators=[('AutomationId', 'num2Button', 0), ('ControlType', 'buttonControl', 0)], _classes=set(), max_level=0)</msg>
<msg timestamp="20240530 19:30:20.722" level="INFO">Returning element: WindowsElement(item=&lt;uiautomation.uiautomation.ButtonControl object at 0x000001D57DDC69F0&gt;, locator='id:num2Button type:button', name='Two', automation_id='num2Button', control_type='ButtonControl', class_name='Button', left=4563, right=4681, top=889, bottom=972, width=118, height=83, xcenter=4622, ycenter=930)</msg>
<msg timestamp="20240530 19:30:21.275" level="INFO">Getting element with locator: id:negateButton type:button</msg>
<msg timestamp="20240530 19:30:21.276" level="INFO">Resulted root element: WindowsElement(item=&lt;uiautomation.uiautomation.WindowControl object at 0x000001D57D71C4D0&gt;, locator='name:Calculator and type:WindowControl', name='Calculator', automation_id='', control_type='WindowControl', class_name='ApplicationFrameWindow', left=4431, right=4933, top=259, bottom=1068, width=502, height=809, xcenter=4682, ycenter=663)</msg>
<msg timestamp="20240530 19:30:21.276" level="INFO">Locator 'id:negateButton type:button' produced matcher: MatchObject(locators=[('AutomationId', 'negateButton', 0), ('ControlType', 'buttonControl', 0)], _classes=set(), max_level=0)</msg>
<msg timestamp="20240530 19:30:21.496" level="INFO">Returning element: WindowsElement(item=&lt;uiautomation.uiautomation.ButtonControl object at 0x000001D57D71C830&gt;, locator='id:negateButton type:button', name='Positive negative', automation_id='negateButton', control_type='ButtonControl', class_name='Button', left=4443, right=4561, top=974, bottom=1056, width=118, height=82, xcenter=4502, ycenter=1015)</msg>
<msg timestamp="20240530 19:30:22.048" level="INFO">Getting element with locator: id:equalButton type:button</msg>
<msg timestamp="20240530 19:30:22.049" level="INFO">Resulted root element: WindowsElement(item=&lt;uiautomation.uiautomation.WindowControl object at 0x000001D57D71C4D0&gt;, locator='name:Calculator and type:WindowControl', name='Calculator', automation_id='', control_type='WindowControl', class_name='ApplicationFrameWindow', left=4431, right=4933, top=259, bottom=1068, width=502, height=809, xcenter=4682, ycenter=663)</msg>
<msg timestamp="20240530 19:30:22.049" level="INFO">Locator 'id:equalButton type:button' produced matcher: MatchObject(locators=[('AutomationId', 'equalButton', 0), ('ControlType', 'buttonControl', 0)], _classes=set(), max_level=0)</msg>
<msg timestamp="20240530 19:30:22.248" level="INFO">Returning element: WindowsElement(item=&lt;uiautomation.uiautomation.ButtonControl object at 0x000001D57DDC6DE0&gt;, locator='id:equalButton type:button', name='Equals', automation_id='equalButton', control_type='ButtonControl', class_name='Button', left=4803, right=4921, top=974, bottom=1056, width=118, height=82, xcenter=4862, ycenter=1015)</msg>
<msg timestamp="20240530 19:30:22.801" level="INFO">Getting element with locator: id:CalculatorResults</msg>
<msg timestamp="20240530 19:30:22.801" level="INFO">Resulted root element: WindowsElement(item=&lt;uiautomation.uiautomation.WindowControl object at 0x000001D57D71C4D0&gt;, locator='name:Calculator and type:WindowControl', name='Calculator', automation_id='', control_type='WindowControl', class_name='ApplicationFrameWindow', left=4431, right=4933, top=259, bottom=1068, width=502, height=809, xcenter=4682, ycenter=663)</msg>
<msg timestamp="20240530 19:30:22.801" level="INFO">Locator 'id:CalculatorResults' produced matcher: MatchObject(locators=[('AutomationId', 'CalculatorResults', 0)], _classes=set(), max_level=0)</msg>
<msg timestamp="20240530 19:30:22.814" level="INFO">Returning element: WindowsElement(item=&lt;uiautomation.uiautomation.TextControl object at 0x000001D57DDC6D20&gt;, locator='id:CalculatorResults', name='Display is 606', automation_id='CalculatorResults', control_type='TextControl', class_name='', left=4439, right=4925, top=377, bottom=496, width=486, height=119, xcenter=4682, ycenter=436)</msg>
<msg timestamp="20240530 19:30:22.814" level="INFO">Result: "Display is 606"</msg>
<status status="PASS" starttime="20240530 19:30:16.708" endtime="20240530 19:30:22.815"/>
</kw>
<doc>Cannot handle thousand separator when entering more than 3 digits!</doc>
<status status="PASS" starttime="20240530 19:30:00.617" endtime="20240530 19:30:22.815"/>
</test>
<test id="s1-t2" name="Test Subtraction" line="18">
<kw name="Init Application" library="Application" type="SETUP">
<doc>Init application under test</doc>
<msg timestamp="20240530 19:30:22.817" level="INFO">Init Application</msg>
<msg timestamp="20240530 19:30:22.817" level="INFO">Getting element with locator: id:clearButton type:button</msg>
<msg timestamp="20240530 19:30:22.817" level="INFO">Resulted root element: WindowsElement(item=&lt;uiautomation.uiautomation.WindowControl object at 0x000001D57D71C4D0&gt;, locator='name:Calculator and type:WindowControl', name='Calculator', automation_id='', control_type='WindowControl', class_name='ApplicationFrameWindow', left=4431, right=4933, top=259, bottom=1068, width=502, height=809, xcenter=4682, ycenter=663)</msg>
<msg timestamp="20240530 19:30:22.817" level="INFO">Locator 'id:clearButton type:button' produced matcher: MatchObject(locators=[('AutomationId', 'clearButton', 0), ('ControlType', 'buttonControl', 0)], _classes=set(), max_level=0)</msg>
<msg timestamp="20240530 19:30:23.010" level="INFO">Returning element: WindowsElement(item=&lt;uiautomation.uiautomation.ButtonControl object at 0x000001D57DDCE7B0&gt;, locator='id:clearButton type:button', name='Clear', automation_id='clearButton', control_type='ButtonControl', class_name='Button', left=4683, right=4801, top=550, bottom=633, width=118, height=83, xcenter=4742, ycenter=591)</msg>
<status status="PASS" starttime="20240530 19:30:22.816" endtime="20240530 19:30:23.563"/>
</kw>
<kw name="Test Subtraction" library="Test">
<arg>9</arg>
<arg>3</arg>
<doc>Subtraction Test</doc>
<msg timestamp="20240530 19:30:23.564" level="INFO">Called: Test(9, 3)</msg>
<msg timestamp="20240530 19:30:23.564" level="INFO">Getting element with locator: id:num9Button type:button</msg>
<msg timestamp="20240530 19:30:23.565" level="INFO">Resulted root element: WindowsElement(item=&lt;uiautomation.uiautomation.WindowControl object at 0x000001D57D71C4D0&gt;, locator='name:Calculator and type:WindowControl', name='Calculator', automation_id='', control_type='WindowControl', class_name='ApplicationFrameWindow', left=4431, right=4933, top=259, bottom=1068, width=502, height=809, xcenter=4682, ycenter=663)</msg>
<msg timestamp="20240530 19:30:23.565" level="INFO">Locator 'id:num9Button type:button' produced matcher: MatchObject(locators=[('AutomationId', 'num9Button', 0), ('ControlType', 'buttonControl', 0)], _classes=set(), max_level=0)</msg>
<msg timestamp="20240530 19:30:23.776" level="INFO">Returning element: WindowsElement(item=&lt;uiautomation.uiautomation.ButtonControl object at 0x000001D57DDCEF60&gt;, locator='id:num9Button type:button', name='Nine', automation_id='num9Button', control_type='ButtonControl', class_name='Button', left=4683, right=4801, top=720, bottom=803, width=118, height=83, xcenter=4742, ycenter=761)</msg>
<msg timestamp="20240530 19:30:24.329" level="INFO">Getting element with locator: id:minusButton type:button</msg>
<msg timestamp="20240530 19:30:24.330" level="INFO">Resulted root element: WindowsElement(item=&lt;uiautomation.uiautomation.WindowControl object at 0x000001D57D71C4D0&gt;, locator='name:Calculator and type:WindowControl', name='Calculator', automation_id='', control_type='WindowControl', class_name='ApplicationFrameWindow', left=4431, right=4933, top=259, bottom=1068, width=502, height=809, xcenter=4682, ycenter=663)</msg>
<msg timestamp="20240530 19:30:24.330" level="INFO">Locator 'id:minusButton type:button' produced matcher: MatchObject(locators=[('AutomationId', 'minusButton', 0), ('ControlType', 'buttonControl', 0)], _classes=set(), max_level=0)</msg>
<msg timestamp="20240530 19:30:24.525" level="INFO">Returning element: WindowsElement(item=&lt;uiautomation.uiautomation.ButtonControl object at 0x000001D57D056EA0&gt;, locator='id:minusButton type:button', name='Minus', automation_id='minusButton', control_type='ButtonControl', class_name='Button', left=4803, right=4921, top=805, bottom=887, width=118, height=82, xcenter=4862, ycenter=846)</msg>
<msg timestamp="20240530 19:30:25.077" level="INFO">Getting element with locator: id:num3Button type:button</msg>
<msg timestamp="20240530 19:30:25.078" level="INFO">Resulted root element: WindowsElement(item=&lt;uiautomation.uiautomation.WindowControl object at 0x000001D57D71C4D0&gt;, locator='name:Calculator and type:WindowControl', name='Calculator', automation_id='', control_type='WindowControl', class_name='ApplicationFrameWindow', left=4431, right=4933, top=259, bottom=1068, width=502, height=809, xcenter=4682, ycenter=663)</msg>
<msg timestamp="20240530 19:30:25.078" level="INFO">Locator 'id:num3Button type:button' produced matcher: MatchObject(locators=[('AutomationId', 'num3Button', 0), ('ControlType', 'buttonControl', 0)], _classes=set(), max_level=0)</msg>
<msg timestamp="20240530 19:30:25.289" level="INFO">Returning element: WindowsElement(item=&lt;uiautomation.uiautomation.ButtonControl object at 0x000001D57D5B5400&gt;, locator='id:num3Button type:button', name='Three', automation_id='num3Button', control_type='ButtonControl', class_name='Button', left=4683, right=4801, top=889, bottom=972, width=118, height=83, xcenter=4742, ycenter=930)</msg>
<msg timestamp="20240530 19:30:25.857" level="INFO">Getting element with locator: id:equalButton type:button</msg>
<msg timestamp="20240530 19:30:25.858" level="INFO">Resulted root element: WindowsElement(item=&lt;uiautomation.uiautomation.WindowControl object at 0x000001D57D71C4D0&gt;, locator='name:Calculator and type:WindowControl', name='Calculator', automation_id='', control_type='WindowControl', class_name='ApplicationFrameWindow', left=4431, right=4933, top=259, bottom=1068, width=502, height=809, xcenter=4682, ycenter=663)</msg>
<msg timestamp="20240530 19:30:25.858" level="INFO">Locator 'id:equalButton type:button' produced matcher: MatchObject(locators=[('AutomationId', 'equalButton', 0), ('ControlType', 'buttonControl', 0)], _classes=set(), max_level=0)</msg>
<msg timestamp="20240530 19:30:26.065" level="INFO">Returning element: WindowsElement(item=&lt;uiautomation.uiautomation.ButtonControl object at 0x000001D57DDC6B40&gt;, locator='id:equalButton type:button', name='Equals', automation_id='equalButton', control_type='ButtonControl', class_name='Button', left=4803, right=4921, top=974, bottom=1056, width=118, height=82, xcenter=4862, ycenter=1015)</msg>
<msg timestamp="20240530 19:30:26.617" level="INFO">Getting element with locator: id:CalculatorResults</msg>
<msg timestamp="20240530 19:30:26.618" level="INFO">Resulted root element: WindowsElement(item=&lt;uiautomation.uiautomation.WindowControl object at 0x000001D57D71C4D0&gt;, locator='name:Calculator and type:WindowControl', name='Calculator', automation_id='', control_type='WindowControl', class_name='ApplicationFrameWindow', left=4431, right=4933, top=259, bottom=1068, width=502, height=809, xcenter=4682, ycenter=663)</msg>
<msg timestamp="20240530 19:30:26.618" level="INFO">Locator 'id:CalculatorResults' produced matcher: MatchObject(locators=[('AutomationId', 'CalculatorResults', 0)], _classes=set(), max_level=0)</msg>
<msg timestamp="20240530 19:30:26.631" level="INFO">Returning element: WindowsElement(item=&lt;uiautomation.uiautomation.TextControl object at 0x000001D57D056EA0&gt;, locator='id:CalculatorResults', name='Display is 6', automation_id='CalculatorResults', control_type='TextControl', class_name='', left=4439, right=4925, top=377, bottom=496, width=486, height=119, xcenter=4682, ycenter=436)</msg>
<msg timestamp="20240530 19:30:26.632" level="INFO">Result: "Display is 6"</msg>
<status status="PASS" starttime="20240530 19:30:23.564" endtime="20240530 19:30:26.632"/>
</kw>
<kw name="Test Subtraction" library="Test">
<arg>178</arg>
<arg>1</arg>
<doc>Subtraction Test</doc>
<msg timestamp="20240530 19:30:26.633" level="INFO">Called: Test(178, 1)</msg>
<msg timestamp="20240530 19:30:26.633" level="INFO">Getting element with locator: id:num1Button type:button</msg>
<msg timestamp="20240530 19:30:26.633" level="INFO">Resulted root element: WindowsElement(item=&lt;uiautomation.uiautomation.WindowControl object at 0x000001D57D71C4D0&gt;, locator='name:Calculator and type:WindowControl', name='Calculator', automation_id='', control_type='WindowControl', class_name='ApplicationFrameWindow', left=4431, right=4933, top=259, bottom=1068, width=502, height=809, xcenter=4682, ycenter=663)</msg>
<msg timestamp="20240530 19:30:26.634" level="INFO">Locator 'id:num1Button type:button' produced matcher: MatchObject(locators=[('AutomationId', 'num1Button', 0), ('ControlType', 'buttonControl', 0)], _classes=set(), max_level=0)</msg>
<msg timestamp="20240530 19:30:26.844" level="INFO">Returning element: WindowsElement(item=&lt;uiautomation.uiautomation.ButtonControl object at 0x000001D57DDCEC30&gt;, locator='id:num1Button type:button', name='One', automation_id='num1Button', control_type='ButtonControl', class_name='Button', left=4443, right=4561, top=889, bottom=972, width=118, height=83, xcenter=4502, ycenter=930)</msg>
<msg timestamp="20240530 19:30:27.406" level="INFO">Getting element with locator: id:num7Button type:button</msg>
<msg timestamp="20240530 19:30:27.407" level="INFO">Resulted root element: WindowsElement(item=&lt;uiautomation.uiautomation.WindowControl object at 0x000001D57D71C4D0&gt;, locator='name:Calculator and type:WindowControl', name='Calculator', automation_id='', control_type='WindowControl', class_name='ApplicationFrameWindow', left=4431, right=4933, top=259, bottom=1068, width=502, height=809, xcenter=4682, ycenter=663)</msg>
<msg timestamp="20240530 19:30:27.407" level="INFO">Locator 'id:num7Button type:button' produced matcher: MatchObject(locators=[('AutomationId', 'num7Button', 0), ('ControlType', 'buttonControl', 0)], _classes=set(), max_level=0)</msg>
<msg timestamp="20240530 19:30:27.627" level="INFO">Returning element: WindowsElement(item=&lt;uiautomation.uiautomation.ButtonControl object at 0x000001D57DDCF170&gt;, locator='id:num7Button type:button', name='Seven', automation_id='num7Button', control_type='ButtonControl', class_name='Button', left=4443, right=4561, top=720, bottom=803, width=118, height=83, xcenter=4502, ycenter=761)</msg>
<msg timestamp="20240530 19:30:28.178" level="INFO">Getting element with locator: id:num8Button type:button</msg>
<msg timestamp="20240530 19:30:28.179" level="INFO">Resulted root element: WindowsElement(item=&lt;uiautomation.uiautomation.WindowControl object at 0x000001D57D71C4D0&gt;, locator='name:Calculator and type:WindowControl', name='Calculator', automation_id='', control_type='WindowControl', class_name='ApplicationFrameWindow', left=4431, right=4933, top=259, bottom=1068, width=502, height=809, xcenter=4682, ycenter=663)</msg>
<msg timestamp="20240530 19:30:28.179" level="INFO">Locator 'id:num8Button type:button' produced matcher: MatchObject(locators=[('AutomationId', 'num8Button', 0), ('ControlType', 'buttonControl', 0)], _classes=set(), max_level=0)</msg>
<msg timestamp="20240530 19:30:28.393" level="INFO">Returning element: WindowsElement(item=&lt;uiautomation.uiautomation.ButtonControl object at 0x000001D57DDCF320&gt;, locator='id:num8Button type:button', name='Eight', automation_id='num8Button', control_type='ButtonControl', class_name='Button', left=4563, right=4681, top=720, bottom=803, width=118, height=83, xcenter=4622, ycenter=761)</msg>
<msg timestamp="20240530 19:30:28.945" level="INFO">Getting element with locator: id:minusButton type:button</msg>
<msg timestamp="20240530 19:30:28.946" level="INFO">Resulted root element: WindowsElement(item=&lt;uiautomation.uiautomation.WindowControl object at 0x000001D57D71C4D0&gt;, locator='name:Calculator and type:WindowControl', name='Calculator', automation_id='', control_type='WindowControl', class_name='ApplicationFrameWindow', left=4431, right=4933, top=259, bottom=1068, width=502, height=809, xcenter=4682, ycenter=663)</msg>
<msg timestamp="20240530 19:30:28.946" level="INFO">Locator 'id:minusButton type:button' produced matcher: MatchObject(locators=[('AutomationId', 'minusButton', 0), ('ControlType', 'buttonControl', 0)], _classes=set(), max_level=0)</msg>
<msg timestamp="20240530 19:30:29.146" level="INFO">Returning element: WindowsElement(item=&lt;uiautomation.uiautomation.ButtonControl object at 0x000001D57D056EA0&gt;, locator='id:minusButton type:button', name='Minus', automation_id='minusButton', control_type='ButtonControl', class_name='Button', left=4803, right=4921, top=805, bottom=887, width=118, height=82, xcenter=4862, ycenter=846)</msg>
<msg timestamp="20240530 19:30:29.698" level="INFO">Getting element with locator: id:num1Button type:button</msg>
<msg timestamp="20240530 19:30:29.699" level="INFO">Resulted root element: WindowsElement(item=&lt;uiautomation.uiautomation.WindowControl object at 0x000001D57D71C4D0&gt;, locator='name:Calculator and type:WindowControl', name='Calculator', automation_id='', control_type='WindowControl', class_name='ApplicationFrameWindow', left=4431, right=4933, top=259, bottom=1068, width=502, height=809, xcenter=4682, ycenter=663)</msg>
<msg timestamp="20240530 19:30:29.699" level="INFO">Locator 'id:num1Button type:button' produced matcher: MatchObject(locators=[('AutomationId', 'num1Button', 0), ('ControlType', 'buttonControl', 0)], _classes=set(), max_level=0)</msg>
<msg timestamp="20240530 19:30:29.904" level="INFO">Returning element: WindowsElement(item=&lt;uiautomation.uiautomation.ButtonControl object at 0x000001D57DDC5070&gt;, locator='id:num1Button type:button', name='One', automation_id='num1Button', control_type='ButtonControl', class_name='Button', left=4443, right=4561, top=889, bottom=972, width=118, height=83, xcenter=4502, ycenter=930)</msg>
<msg timestamp="20240530 19:30:30.457" level="INFO">Getting element with locator: id:equalButton type:button</msg>
<msg timestamp="20240530 19:30:30.458" level="INFO">Resulted root element: WindowsElement(item=&lt;uiautomation.uiautomation.WindowControl object at 0x000001D57D71C4D0&gt;, locator='name:Calculator and type:WindowControl', name='Calculator', automation_id='', control_type='WindowControl', class_name='ApplicationFrameWindow', left=4431, right=4933, top=259, bottom=1068, width=502, height=809, xcenter=4682, ycenter=663)</msg>
<msg timestamp="20240530 19:30:30.458" level="INFO">Locator 'id:equalButton type:button' produced matcher: MatchObject(locators=[('AutomationId', 'equalButton', 0), ('ControlType', 'buttonControl', 0)], _classes=set(), max_level=0)</msg>
<msg timestamp="20240530 19:30:30.660" level="INFO">Returning element: WindowsElement(item=&lt;uiautomation.uiautomation.ButtonControl object at 0x000001D57DDC6C60&gt;, locator='id:equalButton type:button', name='Equals', automation_id='equalButton', control_type='ButtonControl', class_name='Button', left=4803, right=4921, top=974, bottom=1056, width=118, height=82, xcenter=4862, ycenter=1015)</msg>
<msg timestamp="20240530 19:30:31.222" level="INFO">Getting element with locator: id:CalculatorResults</msg>
<msg timestamp="20240530 19:30:31.223" level="INFO">Resulted root element: WindowsElement(item=&lt;uiautomation.uiautomation.WindowControl object at 0x000001D57D71C4D0&gt;, locator='name:Calculator and type:WindowControl', name='Calculator', automation_id='', control_type='WindowControl', class_name='ApplicationFrameWindow', left=4431, right=4933, top=259, bottom=1068, width=502, height=809, xcenter=4682, ycenter=663)</msg>
<msg timestamp="20240530 19:30:31.223" level="INFO">Locator 'id:CalculatorResults' produced matcher: MatchObject(locators=[('AutomationId', 'CalculatorResults', 0)], _classes=set(), max_level=0)</msg>
<msg timestamp="20240530 19:30:31.235" level="INFO">Returning element: WindowsElement(item=&lt;uiautomation.uiautomation.TextControl object at 0x000001D57D054650&gt;, locator='id:CalculatorResults', name='Display is 177', automation_id='CalculatorResults', control_type='TextControl', class_name='', left=4439, right=4925, top=377, bottom=496, width=486, height=119, xcenter=4682, ycenter=436)</msg>
<msg timestamp="20240530 19:30:31.236" level="INFO">Result: "Display is 177"</msg>
<status status="PASS" starttime="20240530 19:30:26.633" endtime="20240530 19:30:31.236"/>
</kw>
<kw name="Test Subtraction" library="Test">
<arg>0</arg>
<arg>7</arg>
<doc>Subtraction Test</doc>
<msg timestamp="20240530 19:30:31.237" level="INFO">Called: Test(0, 7)</msg>
<msg timestamp="20240530 19:30:31.237" level="INFO">Getting element with locator: id:num0Button type:button</msg>
<msg timestamp="20240530 19:30:31.238" level="INFO">Resulted root element: WindowsElement(item=&lt;uiautomation.uiautomation.WindowControl object at 0x000001D57D71C4D0&gt;, locator='name:Calculator and type:WindowControl', name='Calculator', automation_id='', control_type='WindowControl', class_name='ApplicationFrameWindow', left=4431, right=4933, top=259, bottom=1068, width=502, height=809, xcenter=4682, ycenter=663)</msg>
<msg timestamp="20240530 19:30:31.238" level="INFO">Locator 'id:num0Button type:button' produced matcher: MatchObject(locators=[('AutomationId', 'num0Button', 0), ('ControlType', 'buttonControl', 0)], _classes=set(), max_level=0)</msg>
<msg timestamp="20240530 19:30:31.444" level="INFO">Returning element: WindowsElement(item=&lt;uiautomation.uiautomation.ButtonControl object at 0x000001D57DDCF350&gt;, locator='id:num0Button type:button', name='Zero', automation_id='num0Button', control_type='ButtonControl', class_name='Button', left=4563, right=4681, top=974, bottom=1056, width=118, height=82, xcenter=4622, ycenter=1015)</msg>
<msg timestamp="20240530 19:30:32.006" level="INFO">Getting element with locator: id:minusButton type:button</msg>
<msg timestamp="20240530 19:30:32.007" level="INFO">Resulted root element: WindowsElement(item=&lt;uiautomation.uiautomation.WindowControl object at 0x000001D57D71C4D0&gt;, locator='name:Calculator and type:WindowControl', name='Calculator', automation_id='', control_type='WindowControl', class_name='ApplicationFrameWindow', left=4431, right=4933, top=259, bottom=1068, width=502, height=809, xcenter=4682, ycenter=663)</msg>
<msg timestamp="20240530 19:30:32.007" level="INFO">Locator 'id:minusButton type:button' produced matcher: MatchObject(locators=[('AutomationId', 'minusButton', 0), ('ControlType', 'buttonControl', 0)], _classes=set(), max_level=0)</msg>
<msg timestamp="20240530 19:30:32.208" level="INFO">Returning element: WindowsElement(item=&lt;uiautomation.uiautomation.ButtonControl object at 0x000001D57DDCF1D0&gt;, locator='id:minusButton type:button', name='Minus', automation_id='minusButton', control_type='ButtonControl', class_name='Button', left=4803, right=4921, top=805, bottom=887, width=118, height=82, xcenter=4862, ycenter=846)</msg>
<msg timestamp="20240530 19:30:32.760" level="INFO">Getting element with locator: id:num7Button type:button</msg>
<msg timestamp="20240530 19:30:32.761" level="INFO">Resulted root element: WindowsElement(item=&lt;uiautomation.uiautomation.WindowControl object at 0x000001D57D71C4D0&gt;, locator='name:Calculator and type:WindowControl', name='Calculator', automation_id='', control_type='WindowControl', class_name='ApplicationFrameWindow', left=4431, right=4933, top=259, bottom=1068, width=502, height=809, xcenter=4682, ycenter=663)</msg>
<msg timestamp="20240530 19:30:32.761" level="INFO">Locator 'id:num7Button type:button' produced matcher: MatchObject(locators=[('AutomationId', 'num7Button', 0), ('ControlType', 'buttonControl', 0)], _classes=set(), max_level=0)</msg>
<msg timestamp="20240530 19:30:32.970" level="INFO">Returning element: WindowsElement(item=&lt;uiautomation.uiautomation.ButtonControl object at 0x000001D57DDC70B0&gt;, locator='id:num7Button type:button', name='Seven', automation_id='num7Button', control_type='ButtonControl', class_name='Button', left=4443, right=4561, top=720, bottom=803, width=118, height=83, xcenter=4502, ycenter=761)</msg>
<msg timestamp="20240530 19:30:33.523" level="INFO">Getting element with locator: id:equalButton type:button</msg>
<msg timestamp="20240530 19:30:33.524" level="INFO">Resulted root element: WindowsElement(item=&lt;uiautomation.uiautomation.WindowControl object at 0x000001D57D71C4D0&gt;, locator='name:Calculator and type:WindowControl', name='Calculator', automation_id='', control_type='WindowControl', class_name='ApplicationFrameWindow', left=4431, right=4933, top=259, bottom=1068, width=502, height=809, xcenter=4682, ycenter=663)</msg>
<msg timestamp="20240530 19:30:33.524" level="INFO">Locator 'id:equalButton type:button' produced matcher: MatchObject(locators=[('AutomationId', 'equalButton', 0), ('ControlType', 'buttonControl', 0)], _classes=set(), max_level=0)</msg>
<msg timestamp="20240530 19:30:33.726" level="INFO">Returning element: WindowsElement(item=&lt;uiautomation.uiautomation.ButtonControl object at 0x000001D57DDC4F50&gt;, locator='id:equalButton type:button', name='Equals', automation_id='equalButton', control_type='ButtonControl', class_name='Button', left=4803, right=4921, top=974, bottom=1056, width=118, height=82, xcenter=4862, ycenter=1015)</msg>
<msg timestamp="20240530 19:30:34.278" level="INFO">Getting element with locator: id:CalculatorResults</msg>
<msg timestamp="20240530 19:30:34.279" level="INFO">Resulted root element: WindowsElement(item=&lt;uiautomation.uiautomation.WindowControl object at 0x000001D57D71C4D0&gt;, locator='name:Calculator and type:WindowControl', name='Calculator', automation_id='', control_type='WindowControl', class_name='ApplicationFrameWindow', left=4431, right=4933, top=259, bottom=1068, width=502, height=809, xcenter=4682, ycenter=663)</msg>
<msg timestamp="20240530 19:30:34.279" level="INFO">Locator 'id:CalculatorResults' produced matcher: MatchObject(locators=[('AutomationId', 'CalculatorResults', 0)], _classes=set(), max_level=0)</msg>
<msg timestamp="20240530 19:30:34.291" level="INFO">Returning element: WindowsElement(item=&lt;uiautomation.uiautomation.TextControl object at 0x000001D57DDC6DB0&gt;, locator='id:CalculatorResults', name='Display is -7', automation_id='CalculatorResults', control_type='TextControl', class_name='', left=4439, right=4925, top=377, bottom=496, width=486, height=119, xcenter=4682, ycenter=436)</msg>
<msg timestamp="20240530 19:30:34.292" level="INFO">Result: "Display is -7"</msg>
<status status="PASS" starttime="20240530 19:30:31.236" endtime="20240530 19:30:34.292"/>
</kw>
<kw name="Test Subtraction" library="Test">
<arg>-6</arg>
<arg>-5</arg>
<doc>Subtraction Test</doc>
<msg timestamp="20240530 19:30:34.293" level="INFO">Called: Test(-6, -5)</msg>
<msg timestamp="20240530 19:30:34.293" level="INFO">Getting element with locator: id:num6Button type:button</msg>
<msg timestamp="20240530 19:30:34.294" level="INFO">Resulted root element: WindowsElement(item=&lt;uiautomation.uiautomation.WindowControl object at 0x000001D57D71C4D0&gt;, locator='name:Calculator and type:WindowControl', name='Calculator', automation_id='', control_type='WindowControl', class_name='ApplicationFrameWindow', left=4431, right=4933, top=259, bottom=1068, width=502, height=809, xcenter=4682, ycenter=663)</msg>
<msg timestamp="20240530 19:30:34.294" level="INFO">Locator 'id:num6Button type:button' produced matcher: MatchObject(locators=[('AutomationId', 'num6Button', 0), ('ControlType', 'buttonControl', 0)], _classes=set(), max_level=0)</msg>
<msg timestamp="20240530 19:30:34.506" level="INFO">Returning element: WindowsElement(item=&lt;uiautomation.uiautomation.ButtonControl object at 0x000001D57DDCFB90&gt;, locator='id:num6Button type:button', name='Six', automation_id='num6Button', control_type='ButtonControl', class_name='Button', left=4683, right=4801, top=805, bottom=887, width=118, height=82, xcenter=4742, ycenter=846)</msg>
<msg timestamp="20240530 19:30:35.058" level="INFO">Getting element with locator: id:negateButton type:button</msg>
<msg timestamp="20240530 19:30:35.059" level="INFO">Resulted root element: WindowsElement(item=&lt;uiautomation.uiautomation.WindowControl object at 0x000001D57D71C4D0&gt;, locator='name:Calculator and type:WindowControl', name='Calculator', automation_id='', control_type='WindowControl', class_name='ApplicationFrameWindow', left=4431, right=4933, top=259, bottom=1068, width=502, height=809, xcenter=4682, ycenter=663)</msg>
<msg timestamp="20240530 19:30:35.059" level="INFO">Locator 'id:negateButton type:button' produced matcher: MatchObject(locators=[('AutomationId', 'negateButton', 0), ('ControlType', 'buttonControl', 0)], _classes=set(), max_level=0)</msg>
<msg timestamp="20240530 19:30:35.281" level="INFO">Returning element: WindowsElement(item=&lt;uiautomation.uiautomation.ButtonControl object at 0x000001D57DDCE4E0&gt;, locator='id:negateButton type:button', name='Positive negative', automation_id='negateButton', control_type='ButtonControl', class_name='Button', left=4443, right=4561, top=974, bottom=1056, width=118, height=82, xcenter=4502, ycenter=1015)</msg>
<msg timestamp="20240530 19:30:35.833" level="INFO">Getting element with locator: id:minusButton type:button</msg>
<msg timestamp="20240530 19:30:35.834" level="INFO">Resulted root element: WindowsElement(item=&lt;uiautomation.uiautomation.WindowControl object at 0x000001D57D71C4D0&gt;, locator='name:Calculator and type:WindowControl', name='Calculator', automation_id='', control_type='WindowControl', class_name='ApplicationFrameWindow', left=4431, right=4933, top=259, bottom=1068, width=502, height=809, xcenter=4682, ycenter=663)</msg>
<msg timestamp="20240530 19:30:35.834" level="INFO">Locator 'id:minusButton type:button' produced matcher: MatchObject(locators=[('AutomationId', 'minusButton', 0), ('ControlType', 'buttonControl', 0)], _classes=set(), max_level=0)</msg>
<msg timestamp="20240530 19:30:36.034" level="INFO">Returning element: WindowsElement(item=&lt;uiautomation.uiautomation.ButtonControl object at 0x000001D57DDCFE60&gt;, locator='id:minusButton type:button', name='Minus', automation_id='minusButton', control_type='ButtonControl', class_name='Button', left=4803, right=4921, top=805, bottom=887, width=118, height=82, xcenter=4862, ycenter=846)</msg>
<msg timestamp="20240530 19:30:36.586" level="INFO">Getting element with locator: id:num5Button type:button</msg>
<msg timestamp="20240530 19:30:36.587" level="INFO">Resulted root element: WindowsElement(item=&lt;uiautomation.uiautomation.WindowControl object at 0x000001D57D71C4D0&gt;, locator='name:Calculator and type:WindowControl', name='Calculator', automation_id='', control_type='WindowControl', class_name='ApplicationFrameWindow', left=4431, right=4933, top=259, bottom=1068, width=502, height=809, xcenter=4682, ycenter=663)</msg>
<msg timestamp="20240530 19:30:36.587" level="INFO">Locator 'id:num5Button type:button' produced matcher: MatchObject(locators=[('AutomationId', 'num5Button', 0), ('ControlType', 'buttonControl', 0)], _classes=set(), max_level=0)</msg>
<msg timestamp="20240530 19:30:36.795" level="INFO">Returning element: WindowsElement(item=&lt;uiautomation.uiautomation.ButtonControl object at 0x000001D57DDCE510&gt;, locator='id:num5Button type:button', name='Five', automation_id='num5Button', control_type='ButtonControl', class_name='Button', left=4563, right=4681, top=805, bottom=887, width=118, height=82, xcenter=4622, ycenter=846)</msg>
<msg timestamp="20240530 19:30:37.355" level="INFO">Getting element with locator: id:negateButton type:button</msg>
<msg timestamp="20240530 19:30:37.356" level="INFO">Resulted root element: WindowsElement(item=&lt;uiautomation.uiautomation.WindowControl object at 0x000001D57D71C4D0&gt;, locator='name:Calculator and type:WindowControl', name='Calculator', automation_id='', control_type='WindowControl', class_name='ApplicationFrameWindow', left=4431, right=4933, top=259, bottom=1068, width=502, height=809, xcenter=4682, ycenter=663)</msg>
<msg timestamp="20240530 19:30:37.356" level="INFO">Locator 'id:negateButton type:button' produced matcher: MatchObject(locators=[('AutomationId', 'negateButton', 0), ('ControlType', 'buttonControl', 0)], _classes=set(), max_level=0)</msg>
<msg timestamp="20240530 19:30:37.571" level="INFO">Returning element: WindowsElement(item=&lt;uiautomation.uiautomation.ButtonControl object at 0x000001D57DDC6D20&gt;, locator='id:negateButton type:button', name='Positive negative', automation_id='negateButton', control_type='ButtonControl', class_name='Button', left=4443, right=4561, top=974, bottom=1056, width=118, height=82, xcenter=4502, ycenter=1015)</msg>
<msg timestamp="20240530 19:30:38.140" level="INFO">Getting element with locator: id:equalButton type:button</msg>
<msg timestamp="20240530 19:30:38.141" level="INFO">Resulted root element: WindowsElement(item=&lt;uiautomation.uiautomation.WindowControl object at 0x000001D57D71C4D0&gt;, locator='name:Calculator and type:WindowControl', name='Calculator', automation_id='', control_type='WindowControl', class_name='ApplicationFrameWindow', left=4431, right=4933, top=259, bottom=1068, width=502, height=809, xcenter=4682, ycenter=663)</msg>
<msg timestamp="20240530 19:30:38.141" level="INFO">Locator 'id:equalButton type:button' produced matcher: MatchObject(locators=[('AutomationId', 'equalButton', 0), ('ControlType', 'buttonControl', 0)], _classes=set(), max_level=0)</msg>
<msg timestamp="20240530 19:30:38.343" level="INFO">Returning element: WindowsElement(item=&lt;uiautomation.uiautomation.ButtonControl object at 0x000001D57DDC6D20&gt;, locator='id:equalButton type:button', name='Equals', automation_id='equalButton', control_type='ButtonControl', class_name='Button', left=4803, right=4921, top=974, bottom=1056, width=118, height=82, xcenter=4862, ycenter=1015)</msg>
<msg timestamp="20240530 19:30:38.895" level="INFO">Getting element with locator: id:CalculatorResults</msg>
<msg timestamp="20240530 19:30:38.896" level="INFO">Resulted root element: WindowsElement(item=&lt;uiautomation.uiautomation.WindowControl object at 0x000001D57D71C4D0&gt;, locator='name:Calculator and type:WindowControl', name='Calculator', automation_id='', control_type='WindowControl', class_name='ApplicationFrameWindow', left=4431, right=4933, top=259, bottom=1068, width=502, height=809, xcenter=4682, ycenter=663)</msg>
<msg timestamp="20240530 19:30:38.896" level="INFO">Locator 'id:CalculatorResults' produced matcher: MatchObject(locators=[('AutomationId', 'CalculatorResults', 0)], _classes=set(), max_level=0)</msg>
<msg timestamp="20240530 19:30:38.908" level="INFO">Returning element: WindowsElement(item=&lt;uiautomation.uiautomation.TextControl object at 0x000001D57DDC6D20&gt;, locator='id:CalculatorResults', name='Display is -1', automation_id='CalculatorResults', control_type='TextControl', class_name='', left=4439, right=4925, top=377, bottom=496, width=486, height=119, xcenter=4682, ycenter=436)</msg>
<msg timestamp="20240530 19:30:38.909" level="INFO">Result: "Display is -1"</msg>
<status status="PASS" starttime="20240530 19:30:34.293" endtime="20240530 19:30:38.909"/>
</kw>
<doc>Cannot handle thousand separator when entering more than 3 digits!</doc>
<status status="PASS" starttime="20240530 19:30:22.816" endtime="20240530 19:30:38.909"/>
</test>
<test id="s1-t3" name="Test Failure" line="24">
<kw name="Init Application" library="Application" type="SETUP">
<doc>Init application under test</doc>
<msg timestamp="20240530 19:30:38.911" level="INFO">Init Application</msg>
<msg timestamp="20240530 19:30:38.911" level="INFO">Getting element with locator: id:clearButton type:button</msg>
<msg timestamp="20240530 19:30:38.911" level="INFO">Resulted root element: WindowsElement(item=&lt;uiautomation.uiautomation.WindowControl object at 0x000001D57D71C4D0&gt;, locator='name:Calculator and type:WindowControl', name='Calculator', automation_id='', control_type='WindowControl', class_name='ApplicationFrameWindow', left=4431, right=4933, top=259, bottom=1068, width=502, height=809, xcenter=4682, ycenter=663)</msg>
<msg timestamp="20240530 19:30:38.912" level="INFO">Locator 'id:clearButton type:button' produced matcher: MatchObject(locators=[('AutomationId', 'clearButton', 0), ('ControlType', 'buttonControl', 0)], _classes=set(), max_level=0)</msg>
<msg timestamp="20240530 19:30:39.111" level="INFO">Returning element: WindowsElement(item=&lt;uiautomation.uiautomation.ButtonControl object at 0x000001D57DDCFF50&gt;, locator='id:clearButton type:button', name='Clear', automation_id='clearButton', control_type='ButtonControl', class_name='Button', left=4683, right=4801, top=550, bottom=633, width=118, height=83, xcenter=4742, ycenter=591)</msg>
<status status="PASS" starttime="20240530 19:30:38.910" endtime="20240530 19:30:39.663"/>
</kw>
<kw name="Test Fail" library="Test">
<arg>"reason unknown"</arg>
<doc>Failure test</doc>
<msg timestamp="20240530 19:30:39.664" level="INFO">Called: Test("reason unknown")</msg>
<msg timestamp="20240530 19:30:39.664" level="FAIL">AssertionError</msg>
<status status="FAIL" starttime="20240530 19:30:39.664" endtime="20240530 19:30:39.665"/>
</kw>
<status status="FAIL" starttime="20240530 19:30:38.910" endtime="20240530 19:30:39.665">AssertionError</status>
</test>
<kw name="Stop Application" library="Application" type="TEARDOWN">
<doc>Stop application under test</doc>
<msg timestamp="20240530 19:30:39.666" level="INFO">Stop Application</msg>
<msg timestamp="20240530 19:30:39.668" level="INFO">Getting element with locator: WindowsElement(item=&lt;uiautomation.uiautomation.WindowControl object at 0x000001D57D71C4D0&gt;, locator='name:Calculator and type:WindowControl', name='Calculator', automation_id='', control_type='WindowControl', class_name='ApplicationFrameWindow', left=4431, right=4933, top=259, bottom=1068, width=502, height=809, xcenter=4682, ycenter=663)</msg>
<msg timestamp="20240530 19:30:39.668" level="INFO">Returning element: WindowsElement(item=&lt;uiautomation.uiautomation.WindowControl object at 0x000001D57D71C4D0&gt;, locator='name:Calculator and type:WindowControl', name='Calculator', automation_id='', control_type='WindowControl', class_name='ApplicationFrameWindow', left=4431, right=4933, top=259, bottom=1068, width=502, height=809, xcenter=4682, ycenter=663)</msg>
<msg timestamp="20240530 19:30:39.782" level="INFO">Getting element with locator: WindowsElement(item=&lt;uiautomation.uiautomation.WindowControl object at 0x000001D57D71C4D0&gt;, locator='name:Calculator and type:WindowControl', name='Calculator', automation_id='', control_type='WindowControl', class_name='ApplicationFrameWindow', left=4431, right=4933, top=259, bottom=1068, width=502, height=809, xcenter=4682, ycenter=663)</msg>
<msg timestamp="20240530 19:30:39.782" level="INFO">Returning element: WindowsElement(item=&lt;uiautomation.uiautomation.WindowControl object at 0x000001D57D71C4D0&gt;, locator='name:Calculator and type:WindowControl', name='Calculator', automation_id='', control_type='WindowControl', class_name='ApplicationFrameWindow', left=4431, right=4933, top=259, bottom=1068, width=502, height=809, xcenter=4682, ycenter=663)</msg>
<msg timestamp="20240530 19:30:40.285" level="INFO">Closing window with name: Calculator (PID: 13772)</msg>
<status status="PASS" starttime="20240530 19:30:39.666" endtime="20240530 19:30:40.285"/>
</kw>
<status status="FAIL" starttime="20240530 19:29:54.960" endtime="20240530 19:30:40.285"/>
</suite>
<statistics>
<total>
<stat pass="2" fail="1" skip="0">All Tests</stat>
</total>
<tag>
</tag>
<suite>
<stat pass="2" fail="1" skip="0" id="s1" name="Calculator Tests">Calculator Tests</stat>
</suite>
</statistics>
<errors>
</errors>
</robot>
